> dofile 'sae.lua'
[0mRUNNING WITH LAMBDA = 1.77827941e-05[0m	
[0m ================== [0m	
[0mtrain[0m	
[0mPre-train Test set evaluation: rec 0.384010, lam*L1 0.454205,  total loss 0.838215[0m	
[0mepoch 1, time 166.42,  rec 0.038004, lam*L1 0.076158, total loss 0.114163[0m	
[0mTest set:             rec 0.026247, lam*L1 0.073318, total loss 0.099564[0m	
[0maverage enc weight: 0.0304 / average dec weight: 0.0976[0m	
[0m=====[0m	
[0mepoch 2, time 163.88,  rec 0.024359, lam*L1 0.070050, total loss 0.094408[0m	
[0mTest set:             rec 0.023145, lam*L1 0.069909, total loss 0.093054[0m	
[0maverage enc weight: 0.0276 / average dec weight: 0.0958[0m	
[0m=====[0m	
[0mepoch 3, time 163.82,  rec 0.022129, lam*L1 0.067543, total loss 0.089672[0m	
[0mTest set:             rec 0.021414, lam*L1 0.067956, total loss 0.089370[0m	
[0maverage enc weight: 0.0258 / average dec weight: 0.0940[0m	
[0m=====[0m	
[0mepoch 4, time 164.52,  rec 0.020776, lam*L1 0.066051, total loss 0.086827[0m	
[0mTest set:             rec 0.020325, lam*L1 0.066788, total loss 0.087113[0m	
[0maverage enc weight: 0.0245 / average dec weight: 0.0924[0m	
[0m=====[0m	
[0mepoch 5, time 164.33,  rec 0.019853, lam*L1 0.065103, total loss 0.084956[0m	
[0mTest set:             rec 0.019480, lam*L1 0.065955, total loss 0.085436[0m	
[0maverage enc weight: 0.0235 / average dec weight: 0.0910[0m	
[0m=====[0m	
[0mepoch 6, time 164.13,  rec 0.019062, lam*L1 0.064329, total loss 0.083391[0m	
[0mTest set:             rec 0.018723, lam*L1 0.065168, total loss 0.083891[0m	
[0maverage enc weight: 0.0227 / average dec weight: 0.0896[0m	
[0m=====[0m	
[0mepoch 7, time 164.43,  rec 0.018390, lam*L1 0.063533, total loss 0.081922[0m	
[0mTest set:             rec 0.018131, lam*L1 0.064339, total loss 0.082470[0m	
[0maverage enc weight: 0.0221 / average dec weight: 0.0884[0m	
[0m=====[0m	
[0mepoch 8, time 163.92,  rec 0.017865, lam*L1 0.062789, total loss 0.080654[0m	
[0mTest set:             rec 0.017648, lam*L1 0.063670, total loss 0.081318[0m	
[0maverage enc weight: 0.0217 / average dec weight: 0.0874[0m	
[0m=====[0m	
[0mepoch 9, time 163.79,  rec 0.017417, lam*L1 0.062243, total loss 0.079661[0m	
[0mTest set:             rec 0.017222, lam*L1 0.063208, total loss 0.080430[0m	
[0maverage enc weight: 0.0213 / average dec weight: 0.0866[0m	
[0m=====[0m	
[0mepoch 10, time 165.17,  rec 0.017013, lam*L1 0.061879, total loss 0.078892[0m	
[0mTest set:             rec 0.016846, lam*L1 0.062893, total loss 0.079739[0m	
[0maverage enc weight: 0.0209 / average dec weight: 0.0859[0m	
[0m=====[0m	
[0mepoch 11, time 164.47,  rec 0.016652, lam*L1 0.061642, total loss 0.078294[0m	
[0mTest set:             rec 0.016515, lam*L1 0.062686, total loss 0.079201[0m	
[0maverage enc weight: 0.0207 / average dec weight: 0.0853[0m	
[0m=====[0m	
[0mepoch 12, time 164.93,  rec 0.016337, lam*L1 0.061493, total loss 0.077830[0m	
[0mTest set:             rec 0.016232, lam*L1 0.062552, total loss 0.078784[0m	
[0maverage enc weight: 0.0205 / average dec weight: 0.0848[0m	
[0m=====[0m	
[0mepoch 13, time 164.85,  rec 0.016075, lam*L1 0.061394, total loss 0.077469[0m	
[0mTest set:             rec 0.016000, lam*L1 0.062459, total loss 0.078459[0m	
[0maverage enc weight: 0.0203 / average dec weight: 0.0843[0m	
[0m=====[0m	
[0mepoch 14, time 164.81,  rec 0.015862, lam*L1 0.061322, total loss 0.077185[0m	
[0mTest set:             rec 0.015816, lam*L1 0.062382, total loss 0.078198[0m	
[0maverage enc weight: 0.0201 / average dec weight: 0.0840[0m	
[0m=====[0m	
[0mepoch 15, time 164.68,  rec 0.015694, lam*L1 0.061260, total loss 0.076954[0m	
[0mTest set:             rec 0.015670, lam*L1 0.062312, total loss 0.077982[0m	
[0maverage enc weight: 0.0200 / average dec weight: 0.0837[0m	
[0m=====[0m	
[0mepoch 16, time 164.80,  rec 0.015565, lam*L1 0.061196, total loss 0.076760[0m	
[0mTest set:             rec 0.015560, lam*L1 0.062236, total loss 0.077797[0m	
[0maverage enc weight: 0.0199 / average dec weight: 0.0835[0m	
[0m=====[0m	
[0mepoch 17, time 164.74,  rec 0.015467, lam*L1 0.061125, total loss 0.076592[0m	
[0mTest set:             rec 0.015479, lam*L1 0.062154, total loss 0.077633[0m	
[0maverage enc weight: 0.0199 / average dec weight: 0.0834[0m	
[0m=====[0m	
[0mepoch 18, time 164.37,  rec 0.015395, lam*L1 0.061047, total loss 0.076442[0m	
[0mTest set:             rec 0.015420, lam*L1 0.062068, total loss 0.077489[0m	
[0maverage enc weight: 0.0198 / average dec weight: 0.0833[0m	
[0m=====[0m	
[0mepoch 19, time 164.49,  rec 0.015341, lam*L1 0.060968, total loss 0.076310[0m	
[0mTest set:             rec 0.015375, lam*L1 0.061987, total loss 0.077362[0m	
[0maverage enc weight: 0.0198 / average dec weight: 0.0832[0m	
[0m=====[0m	
[0mepoch 20, time 164.42,  rec 0.015303, lam*L1 0.060893, total loss 0.076196[0m	
[0mTest set:             rec 0.015340, lam*L1 0.061914, total loss 0.077254[0m	
[0maverage enc weight: 0.0197 / average dec weight: 0.0832[0m	
[0m=====[0m	
[0mepoch 21, time 163.99,  rec 0.015274, lam*L1 0.060824, total loss 0.076098[0m	
[0mTest set:             rec 0.015313, lam*L1 0.061849, total loss 0.077162[0m	
[0maverage enc weight: 0.0197 / average dec weight: 0.0831[0m	
[0m=====[0m	
[0mepoch 22, time 164.29,  rec 0.015251, lam*L1 0.060764, total loss 0.076016[0m	
[0mTest set:             rec 0.015294, lam*L1 0.061789, total loss 0.077083[0m	
[0maverage enc weight: 0.0196 / average dec weight: 0.0830[0m	
[0m=====[0m	
[0mepoch 23, time 164.29,  rec 0.015234, lam*L1 0.060710, total loss 0.075944[0m	
[0mTest set:             rec 0.015278, lam*L1 0.061737, total loss 0.077015[0m	
[0maverage enc weight: 0.0196 / average dec weight: 0.0830[0m	
[0m=====[0m	
[0mepoch 24, time 164.09,  rec 0.015219, lam*L1 0.060662, total loss 0.075881[0m	
[0mTest set:             rec 0.015264, lam*L1 0.061689, total loss 0.076953[0m	
[0maverage enc weight: 0.0195 / average dec weight: 0.0829[0m	
[0m=====[0m	
[0mepoch 25, time 164.34,  rec 0.015206, lam*L1 0.060618, total loss 0.075824[0m	
[0mTest set:             rec 0.015252, lam*L1 0.061645, total loss 0.076897[0m	
[0maverage enc weight: 0.0195 / average dec weight: 0.0829[0m	
[0m=====[0m	
[0mepoch 26, time 164.01,  rec 0.015195, lam*L1 0.060576, total loss 0.075771[0m	
[0mTest set:             rec 0.015242, lam*L1 0.061603, total loss 0.076845[0m	
[0maverage enc weight: 0.0194 / average dec weight: 0.0829[0m	
[0m=====[0m	
[0mepoch 27, time 164.62,  rec 0.015186, lam*L1 0.060536, total loss 0.075721[0m	
[0mTest set:             rec 0.015230, lam*L1 0.061565, total loss 0.076796[0m	
[0maverage enc weight: 0.0194 / average dec weight: 0.0829[0m	
[0m=====[0m	
[0mepoch 28, time 165.11,  rec 0.015178, lam*L1 0.060497, total loss 0.075675[0m	
[0mTest set:             rec 0.015223, lam*L1 0.061526, total loss 0.076749[0m	
[0maverage enc weight: 0.0194 / average dec weight: 0.0829[0m	
[0m=====[0m	
[0mepoch 29, time 164.51,  rec 0.015172, lam*L1 0.060458, total loss 0.075630[0m	
[0mTest set:             rec 0.015216, lam*L1 0.061487, total loss 0.076704[0m	
[0maverage enc weight: 0.0193 / average dec weight: 0.0828[0m	
[0m=====[0m	
[0mepoch 30, time 164.57,  rec 0.015167, lam*L1 0.060419, total loss 0.075586[0m	
[0mTest set:             rec 0.015209, lam*L1 0.061451, total loss 0.076660[0m	
[0maverage enc weight: 0.0193 / average dec weight: 0.0828[0m	
[0m=====[0m	
[0mepoch 31, time 164.07,  rec 0.015163, lam*L1 0.060381, total loss 0.075544[0m	
[0mTest set:             rec 0.015203, lam*L1 0.061415, total loss 0.076618[0m	
[0maverage enc weight: 0.0193 / average dec weight: 0.0829[0m	
[0m=====[0m	
[0mepoch 32, time 164.62,  rec 0.015160, lam*L1 0.060343, total loss 0.075503[0m	
[0mTest set:             rec 0.015197, lam*L1 0.061380, total loss 0.076577[0m	
[0maverage enc weight: 0.0192 / average dec weight: 0.0829[0m	
[0m=====[0m	
[0mepoch 33, time 164.96,  rec 0.015157, lam*L1 0.060306, total loss 0.075463[0m	
[0mTest set:             rec 0.015192, lam*L1 0.061344, total loss 0.076537[0m	
[0maverage enc weight: 0.0192 / average dec weight: 0.0829[0m	
[0m=====[0m	
[0mepoch 34, time 164.36,  rec 0.015155, lam*L1 0.060269, total loss 0.075424[0m	
[0mTest set:             rec 0.015187, lam*L1 0.061310, total loss 0.076497[0m	
[0maverage enc weight: 0.0192 / average dec weight: 0.0829[0m	
[0m=====[0m	
[0mepoch 35, time 164.44,  rec 0.015152, lam*L1 0.060233, total loss 0.075385[0m	
[0mTest set:             rec 0.015183, lam*L1 0.061275, total loss 0.076458[0m	
[0maverage enc weight: 0.0192 / average dec weight: 0.0829[0m	
[0m=====[0m	
[0mepoch 36, time 164.28,  rec 0.015149, lam*L1 0.060198, total loss 0.075347[0m	
[0mTest set:             rec 0.015176, lam*L1 0.061244, total loss 0.076420[0m	
[0maverage enc weight: 0.0191 / average dec weight: 0.0829[0m	
[0m=====[0m	
[0mepoch 37, time 164.59,  rec 0.015145, lam*L1 0.060164, total loss 0.075310[0m	
[0mTest set:             rec 0.015169, lam*L1 0.061213, total loss 0.076382[0m	
[0maverage enc weight: 0.0191 / average dec weight: 0.0829[0m	
[0m=====[0m	
[0mepoch 38, time 164.04,  rec 0.015139, lam*L1 0.060133, total loss 0.075272[0m	
[0mTest set:             rec 0.015165, lam*L1 0.061180, total loss 0.076345[0m	
[0maverage enc weight: 0.0191 / average dec weight: 0.0829[0m	
[0m=====[0m	
[0mepoch 39, time 163.90,  rec 0.015132, lam*L1 0.060104, total loss 0.075236[0m	
[0mTest set:             rec 0.015157, lam*L1 0.061151, total loss 0.076308[0m	
[0maverage enc weight: 0.0191 / average dec weight: 0.0829[0m	
[0m=====[0m	
[0mepoch 40, time 164.07,  rec 0.015124, lam*L1 0.060076, total loss 0.075200[0m	
[0mTest set:             rec 0.015146, lam*L1 0.061126, total loss 0.076272[0m	
[0maverage enc weight: 0.0190 / average dec weight: 0.0829[0m	
[0m=====[0m	
[0mepoch 41, time 164.44,  rec 0.015114, lam*L1 0.060050, total loss 0.075164[0m	
[0mTest set:             rec 0.015136, lam*L1 0.061100, total loss 0.076237[0m	
[0maverage enc weight: 0.0190 / average dec weight: 0.0829[0m	
[0m=====[0m	
[0mepoch 42, time 161.85,  rec 0.015103, lam*L1 0.060026, total loss 0.075129[0m	
[0mTest set:             rec 0.015125, lam*L1 0.061076, total loss 0.076201[0m	
[0maverage enc weight: 0.0190 / average dec weight: 0.0829[0m	
[0m=====[0m	
[0mepoch 43, time 161.98,  rec 0.015092, lam*L1 0.060003, total loss 0.075095[0m	
[0mTest set:             rec 0.015113, lam*L1 0.061053, total loss 0.076167[0m	
[0maverage enc weight: 0.0189 / average dec weight: 0.0829[0m	
[0m=====[0m	
[0mepoch 44, time 161.95,  rec 0.015078, lam*L1 0.059982, total loss 0.075060[0m	
[0mTest set:             rec 0.015102, lam*L1 0.061030, total loss 0.076132[0m	
[0maverage enc weight: 0.0189 / average dec weight: 0.0829[0m	
[0m=====[0m	
[0mepoch 45, time 161.46,  rec 0.015065, lam*L1 0.059960, total loss 0.075026[0m	
[0mTest set:             rec 0.015089, lam*L1 0.061008, total loss 0.076097[0m	
[0maverage enc weight: 0.0189 / average dec weight: 0.0829[0m	
[0m=====[0m	
[0mepoch 46, time 161.66,  rec 0.015052, lam*L1 0.059939, total loss 0.074991[0m	
[0mTest set:             rec 0.015076, lam*L1 0.060986, total loss 0.076061[0m	
[0maverage enc weight: 0.0188 / average dec weight: 0.0829[0m	
[0m=====[0m	
[0mepoch 47, time 161.99,  rec 0.015039, lam*L1 0.059917, total loss 0.074956[0m	
[0mTest set:             rec 0.015065, lam*L1 0.060960, total loss 0.076026[0m	
[0maverage enc weight: 0.0188 / average dec weight: 0.0829[0m	
[0m=====[0m	
[0mepoch 48, time 161.81,  rec 0.015025, lam*L1 0.059894, total loss 0.074919[0m	
[0mTest set:             rec 0.015053, lam*L1 0.060936, total loss 0.075988[0m	
[0maverage enc weight: 0.0188 / average dec weight: 0.0829[0m	
[0m=====[0m	
[0mepoch 49, time 162.16,  rec 0.015012, lam*L1 0.059871, total loss 0.074882[0m	
[0mTest set:             rec 0.015042, lam*L1 0.060909, total loss 0.075950[0m	
[0maverage enc weight: 0.0187 / average dec weight: 0.0829[0m	
[0m=====[0m	
[0mepoch 50, time 161.97,  rec 0.014998, lam*L1 0.059846, total loss 0.074844[0m	
[0mTest set:             rec 0.015026, lam*L1 0.060886, total loss 0.075911[0m	
[0maverage enc weight: 0.0187 / average dec weight: 0.0829[0m	
[0m=====[0m	
[0m      Time     Calls       Avg       Min       Max  Name[0m	
[0m 8241.2338         1 8241.2338 8241.2338 8241.2338  train[0m	
[0m 7660.5439        50  153.2109  150.8049  155.6340  epoch[0m	
[0m 7660.2351    156200    0.0490    0.0479    0.1174  batch[0m	
[0m  538.7934        50   10.7759   10.6505   11.0563  evaluate[0m	
[0m    0.6836         1    0.6836    0.6836    0.6836  load[0m	
[0mRUNNING WITH LAMBDA = 3.16227766e-05[0m	
[0m ================== [0m	
[0mtrain[0m	
[0mPre-train Test set evaluation: rec 0.384010, lam*L1 0.807704,  total loss 1.191714[0m	
[0mepoch 1, time 161.59,  rec 0.065877, lam*L1 0.096969, total loss 0.162846[0m	
[0mTest set:             rec 0.051831, lam*L1 0.094206, total loss 0.146037[0m	
[0maverage enc weight: 0.0313 / average dec weight: 0.0975[0m	
[0m=====[0m	
[0mepoch 2, time 162.29,  rec 0.048618, lam*L1 0.089496, total loss 0.138114[0m	
[0mTest set:             rec 0.046377, lam*L1 0.089621, total loss 0.135998[0m	
[0maverage enc weight: 0.0279 / average dec weight: 0.0950[0m	
[0m=====[0m	
[0mepoch 3, time 162.17,  rec 0.044353, lam*L1 0.086056, total loss 0.130408[0m	
[0mTest set:             rec 0.042801, lam*L1 0.086695, total loss 0.129496[0m	
[0maverage enc weight: 0.0260 / average dec weight: 0.0929[0m	
[0m=====[0m	
[0mepoch 4, time 162.16,  rec 0.041193, lam*L1 0.083837, total loss 0.125030[0m	
[0mTest set:             rec 0.040207, lam*L1 0.084923, total loss 0.125131[0m	
[0maverage enc weight: 0.0247 / average dec weight: 0.0914[0m	
[0m=====[0m	
[0mepoch 5, time 162.16,  rec 0.039206, lam*L1 0.082710, total loss 0.121916[0m	
[0mTest set:             rec 0.038749, lam*L1 0.084176, total loss 0.122925[0m	
[0maverage enc weight: 0.0240 / average dec weight: 0.0904[0m	
[0m=====[0m	
[0mepoch 6, time 162.75,  rec 0.038106, lam*L1 0.082235, total loss 0.120341[0m	
[0mTest set:             rec 0.037891, lam*L1 0.083854, total loss 0.121745[0m	
[0maverage enc weight: 0.0236 / average dec weight: 0.0895[0m	
[0m=====[0m	
[0mepoch 7, time 162.66,  rec 0.037429, lam*L1 0.082016, total loss 0.119445[0m	
[0mTest set:             rec 0.037335, lam*L1 0.083691, total loss 0.121026[0m	
[0maverage enc weight: 0.0232 / average dec weight: 0.0889[0m	
[0m=====[0m	
[0mepoch 8, time 162.51,  rec 0.036971, lam*L1 0.081905, total loss 0.118876[0m	
[0mTest set:             rec 0.036938, lam*L1 0.083609, total loss 0.120547[0m	
[0maverage enc weight: 0.0230 / average dec weight: 0.0884[0m	
[0m=====[0m	
[0mepoch 9, time 162.63,  rec 0.036645, lam*L1 0.081837, total loss 0.118483[0m	
[0mTest set:             rec 0.036647, lam*L1 0.083555, total loss 0.120203[0m	
[0maverage enc weight: 0.0227 / average dec weight: 0.0880[0m	
[0m=====[0m	
[0mepoch 10, time 161.76,  rec 0.036403, lam*L1 0.081788, total loss 0.118191[0m	
[0mTest set:             rec 0.036430, lam*L1 0.083509, total loss 0.119939[0m	
[0maverage enc weight: 0.0226 / average dec weight: 0.0876[0m	
[0m=====[0m	
[0mepoch 11, time 163.04,  rec 0.036221, lam*L1 0.081740, total loss 0.117960[0m	
[0mTest set:             rec 0.036275, lam*L1 0.083450, total loss 0.119724[0m	
[0maverage enc weight: 0.0224 / average dec weight: 0.0873[0m	
[0m=====[0m	
[0mepoch 12, time 162.58,  rec 0.036080, lam*L1 0.081686, total loss 0.117766[0m	
[0mTest set:             rec 0.036139, lam*L1 0.083399, total loss 0.119538[0m	
[0maverage enc weight: 0.0223 / average dec weight: 0.0870[0m	
[0m=====[0m	
[0mepoch 13, time 162.70,  rec 0.035968, lam*L1 0.081625, total loss 0.117593[0m	
[0mTest set:             rec 0.036032, lam*L1 0.083336, total loss 0.119369[0m	
[0maverage enc weight: 0.0222 / average dec weight: 0.0869[0m	
[0m=====[0m	
[0mepoch 14, time 163.48,  rec 0.035877, lam*L1 0.081553, total loss 0.117430[0m	
[0mTest set:             rec 0.035952, lam*L1 0.083253, total loss 0.119206[0m	
[0maverage enc weight: 0.0221 / average dec weight: 0.0867[0m	
[0m=====[0m	
[0mepoch 15, time 162.38,  rec 0.035802, lam*L1 0.081469, total loss 0.117271[0m	
[0mTest set:             rec 0.035883, lam*L1 0.083161, total loss 0.119044[0m	
[0maverage enc weight: 0.0219 / average dec weight: 0.0866[0m	
[0m=====[0m	
[0mepoch 16, time 162.62,  rec 0.035735, lam*L1 0.081376, total loss 0.117110[0m	
[0mTest set:             rec 0.035813, lam*L1 0.083067, total loss 0.118880[0m	
[0maverage enc weight: 0.0219 / average dec weight: 0.0864[0m	
[0m=====[0m	
[0mepoch 17, time 162.82,  rec 0.035670, lam*L1 0.081277, total loss 0.116947[0m	
[0mTest set:             rec 0.035743, lam*L1 0.082970, total loss 0.118713[0m	
[0maverage enc weight: 0.0218 / average dec weight: 0.0863[0m	
[0m=====[0m	
[0mepoch 18, time 161.98,  rec 0.035602, lam*L1 0.081181, total loss 0.116783[0m	
[0mTest set:             rec 0.035665, lam*L1 0.082881, total loss 0.118547[0m	
[0maverage enc weight: 0.0217 / average dec weight: 0.0863[0m	
[0m=====[0m	
[0mepoch 19, time 163.49,  rec 0.035533, lam*L1 0.081087, total loss 0.116621[0m	
[0mTest set:             rec 0.035590, lam*L1 0.082795, total loss 0.118385[0m	
[0maverage enc weight: 0.0216 / average dec weight: 0.0861[0m	
[0m=====[0m	
[0mepoch 20, time 163.23,  rec 0.035462, lam*L1 0.081002, total loss 0.116464[0m	
[0mTest set:             rec 0.035524, lam*L1 0.082705, total loss 0.118230[0m	
[0maverage enc weight: 0.0215 / average dec weight: 0.0860[0m	
[0m=====[0m	
[0mepoch 21, time 162.22,  rec 0.035392, lam*L1 0.080924, total loss 0.116316[0m	
[0mTest set:             rec 0.035452, lam*L1 0.082632, total loss 0.118083[0m	
[0maverage enc weight: 0.0214 / average dec weight: 0.0859[0m	
[0m=====[0m	
[0mepoch 22, time 162.85,  rec 0.035321, lam*L1 0.080855, total loss 0.116176[0m	
[0mTest set:             rec 0.035390, lam*L1 0.082554, total loss 0.117945[0m	
[0maverage enc weight: 0.0213 / average dec weight: 0.0858[0m	
[0m=====[0m	
[0mepoch 23, time 163.61,  rec 0.035254, lam*L1 0.080789, total loss 0.116043[0m	
[0mTest set:             rec 0.035329, lam*L1 0.082484, total loss 0.117812[0m	
[0maverage enc weight: 0.0213 / average dec weight: 0.0856[0m	
[0m=====[0m	
[0mepoch 24, time 164.62,  rec 0.035190, lam*L1 0.080725, total loss 0.115915[0m	
[0mTest set:             rec 0.035263, lam*L1 0.082422, total loss 0.117685[0m	
[0maverage enc weight: 0.0212 / average dec weight: 0.0856[0m	
[0m=====[0m	
[0mepoch 25, time 164.80,  rec 0.035130, lam*L1 0.080663, total loss 0.115793[0m	
[0mTest set:             rec 0.035215, lam*L1 0.082349, total loss 0.117564[0m	
[0maverage enc weight: 0.0211 / average dec weight: 0.0855[0m	
[0m=====[0m	
[0mepoch 26, time 162.30,  rec 0.035074, lam*L1 0.080603, total loss 0.115677[0m	
[0mTest set:             rec 0.035161, lam*L1 0.082289, total loss 0.117451[0m	
[0maverage enc weight: 0.0210 / average dec weight: 0.0854[0m	
[0m=====[0m	
[0mepoch 27, time 162.49,  rec 0.035024, lam*L1 0.080545, total loss 0.115569[0m	
[0mTest set:             rec 0.035116, lam*L1 0.082228, total loss 0.117345[0m	
[0maverage enc weight: 0.0210 / average dec weight: 0.0854[0m	
[0m=====[0m	
[0mepoch 28, time 163.14,  rec 0.034976, lam*L1 0.080492, total loss 0.115469[0m	
[0mTest set:             rec 0.035074, lam*L1 0.082173, total loss 0.117246[0m	
[0maverage enc weight: 0.0209 / average dec weight: 0.0853[0m	
[0m=====[0m	
[0mepoch 29, time 162.12,  rec 0.034932, lam*L1 0.080444, total loss 0.115376[0m	
[0mTest set:             rec 0.035027, lam*L1 0.082129, total loss 0.117156[0m	
[0maverage enc weight: 0.0208 / average dec weight: 0.0852[0m	
[0m=====[0m	
[0mepoch 30, time 162.92,  rec 0.034889, lam*L1 0.080401, total loss 0.115290[0m	
[0mTest set:             rec 0.034992, lam*L1 0.082080, total loss 0.117072[0m	
[0maverage enc weight: 0.0208 / average dec weight: 0.0851[0m	
[0m=====[0m	
[0mepoch 31, time 163.33,  rec 0.034846, lam*L1 0.080363, total loss 0.115210[0m	
[0mTest set:             rec 0.034949, lam*L1 0.082043, total loss 0.116992[0m	
[0maverage enc weight: 0.0207 / average dec weight: 0.0850[0m	
[0m=====[0m	
[0mepoch 32, time 161.85,  rec 0.034803, lam*L1 0.080330, total loss 0.115133[0m	
[0mTest set:             rec 0.034909, lam*L1 0.082006, total loss 0.116915[0m	
[0maverage enc weight: 0.0206 / average dec weight: 0.0849[0m	
[0m=====[0m	
[0mepoch 33, time 162.68,  rec 0.034757, lam*L1 0.080301, total loss 0.115058[0m	
[0mTest set:             rec 0.034868, lam*L1 0.081970, total loss 0.116838[0m	
[0maverage enc weight: 0.0206 / average dec weight: 0.0848[0m	
[0m=====[0m	
[0mepoch 34, time 162.21,  rec 0.034704, lam*L1 0.080278, total loss 0.114981[0m	
[0mTest set:             rec 0.034807, lam*L1 0.081951, total loss 0.116758[0m	
[0maverage enc weight: 0.0205 / average dec weight: 0.0846[0m	
[0m=====[0m	
[0mepoch 35, time 162.01,  rec 0.034639, lam*L1 0.080261, total loss 0.114900[0m	
[0mTest set:             rec 0.034734, lam*L1 0.081937, total loss 0.116671[0m	
[0maverage enc weight: 0.0204 / average dec weight: 0.0845[0m	
[0m=====[0m	
[0mepoch 36, time 162.09,  rec 0.034560, lam*L1 0.080252, total loss 0.114812[0m	
[0mTest set:             rec 0.034656, lam*L1 0.081923, total loss 0.116578[0m	
[0maverage enc weight: 0.0204 / average dec weight: 0.0844[0m	
[0m=====[0m	
[0mepoch 37, time 162.92,  rec 0.034472, lam*L1 0.080248, total loss 0.114720[0m	
[0mTest set:             rec 0.034574, lam*L1 0.081912, total loss 0.116486[0m	
[0maverage enc weight: 0.0203 / average dec weight: 0.0843[0m	
[0m=====[0m	
[0mepoch 38, time 162.05,  rec 0.034386, lam*L1 0.080248, total loss 0.114633[0m	
[0mTest set:             rec 0.034487, lam*L1 0.081915, total loss 0.116401[0m	
[0maverage enc weight: 0.0203 / average dec weight: 0.0843[0m	
[0m=====[0m	
[0mepoch 39, time 162.36,  rec 0.034309, lam*L1 0.080248, total loss 0.114557[0m	
[0mTest set:             rec 0.034412, lam*L1 0.081918, total loss 0.116330[0m	
[0maverage enc weight: 0.0202 / average dec weight: 0.0843[0m	
[0m=====[0m	
[0mepoch 40, time 162.45,  rec 0.034245, lam*L1 0.080248, total loss 0.114494[0m	
[0mTest set:             rec 0.034349, lam*L1 0.081920, total loss 0.116269[0m	
[0maverage enc weight: 0.0202 / average dec weight: 0.0843[0m	
[0m=====[0m	
[0mepoch 41, time 161.76,  rec 0.034193, lam*L1 0.080247, total loss 0.114439[0m	
[0mTest set:             rec 0.034301, lam*L1 0.081915, total loss 0.116217[0m	
[0maverage enc weight: 0.0201 / average dec weight: 0.0843[0m	
[0m=====[0m	
[0mepoch 42, time 163.22,  rec 0.034148, lam*L1 0.080244, total loss 0.114392[0m	
[0mTest set:             rec 0.034262, lam*L1 0.081908, total loss 0.116170[0m	
[0maverage enc weight: 0.0201 / average dec weight: 0.0842[0m	
[0m=====[0m	
[0mepoch 43, time 163.21,  rec 0.034109, lam*L1 0.080240, total loss 0.114349[0m	
[0mTest set:             rec 0.034222, lam*L1 0.081904, total loss 0.116127[0m	
[0maverage enc weight: 0.0200 / average dec weight: 0.0842[0m	
[0m=====[0m	
[0mepoch 44, time 163.37,  rec 0.034072, lam*L1 0.080236, total loss 0.114308[0m	
[0mTest set:             rec 0.034181, lam*L1 0.081905, total loss 0.116086[0m	
[0maverage enc weight: 0.0199 / average dec weight: 0.0842[0m	
[0m=====[0m	
[0mepoch 45, time 162.70,  rec 0.034037, lam*L1 0.080231, total loss 0.114269[0m	
[0mTest set:             rec 0.034146, lam*L1 0.081900, total loss 0.116046[0m	
[0maverage enc weight: 0.0199 / average dec weight: 0.0842[0m	
[0m=====[0m	
[0mepoch 46, time 163.03,  rec 0.034002, lam*L1 0.080228, total loss 0.114230[0m	
[0mTest set:             rec 0.034108, lam*L1 0.081897, total loss 0.116006[0m	
[0maverage enc weight: 0.0198 / average dec weight: 0.0842[0m	
[0m=====[0m	
[0mepoch 47, time 163.89,  rec 0.033967, lam*L1 0.080224, total loss 0.114191[0m	
[0mTest set:             rec 0.034066, lam*L1 0.081899, total loss 0.115965[0m	
[0maverage enc weight: 0.0198 / average dec weight: 0.0841[0m	
[0m=====[0m	
[0mepoch 48, time 162.19,  rec 0.033929, lam*L1 0.080222, total loss 0.114151[0m	
[0mTest set:             rec 0.034026, lam*L1 0.081898, total loss 0.115924[0m	
[0maverage enc weight: 0.0197 / average dec weight: 0.0841[0m	
[0m=====[0m	
[0mepoch 49, time 162.57,  rec 0.033891, lam*L1 0.080219, total loss 0.114110[0m	
[0mTest set:             rec 0.033988, lam*L1 0.081893, total loss 0.115882[0m	
[0maverage enc weight: 0.0196 / average dec weight: 0.0841[0m	
[0m=====[0m	
[0mepoch 50, time 162.74,  rec 0.033851, lam*L1 0.080216, total loss 0.114067[0m	
[0mTest set:             rec 0.033948, lam*L1 0.081890, total loss 0.115837[0m	
[0maverage enc weight: 0.0195 / average dec weight: 0.0840[0m	
[0m=====[0m	
[0m      Time     Calls       Avg       Min       Max  Name[0m	
[0m 8179.1148         1 8179.1148 8179.1148 8179.1148  train[0m	
[0m 7600.0155        50  152.0003  150.9442  153.9889  epoch[0m	
[0m 7599.7130    156200    0.0487    0.0480    0.1174  batch[0m	
[0m  534.6718        50   10.6934   10.6488   10.8261  evaluate[0m	
[0mRUNNING WITH LAMBDA = 5.62341325e-05[0m	
[0m ================== [0m	
[0mtrain[0m	
[0mPre-train Test set evaluation: rec 0.384010, lam*L1 1.436323,  total loss 1.820333[0m	
[0mepoch 1, time 162.08,  rec 0.120836, lam*L1 0.098266, total loss 0.219103[0m	
[0mTest set:             rec 0.101856, lam*L1 0.097470, total loss 0.199326[0m	
[0maverage enc weight: 0.0328 / average dec weight: 0.0976[0m	
[0m=====[0m	
[0mepoch 2, time 162.66,  rec 0.092162, lam*L1 0.094531, total loss 0.186693[0m	
[0mTest set:             rec 0.086103, lam*L1 0.097553, total loss 0.183656[0m	
[0maverage enc weight: 0.0289 / average dec weight: 0.0946[0m	
[0m=====[0m	
[0mepoch 3, time 162.91,  rec 0.082347, lam*L1 0.094934, total loss 0.177282[0m	
[0mTest set:             rec 0.080768, lam*L1 0.097353, total loss 0.178122[0m	
[0maverage enc weight: 0.0272 / average dec weight: 0.0928[0m	
[0m=====[0m	
[0mepoch 4, time 162.07,  rec 0.078906, lam*L1 0.094889, total loss 0.173794[0m	
[0mTest set:             rec 0.078648, lam*L1 0.097246, total loss 0.175894[0m	
[0maverage enc weight: 0.0264 / average dec weight: 0.0917[0m	
[0m=====[0m	
[0mepoch 5, time 162.87,  rec 0.077407, lam*L1 0.094905, total loss 0.172312[0m	
[0mTest set:             rec 0.077597, lam*L1 0.097258, total loss 0.174855[0m	
[0maverage enc weight: 0.0259 / average dec weight: 0.0909[0m	
[0m=====[0m	
[0mepoch 6, time 162.90,  rec 0.076587, lam*L1 0.094953, total loss 0.171540[0m	
[0mTest set:             rec 0.076966, lam*L1 0.097266, total loss 0.174232[0m	
[0maverage enc weight: 0.0256 / average dec weight: 0.0904[0m	
[0m=====[0m	
[0mepoch 7, time 163.07,  rec 0.076034, lam*L1 0.094992, total loss 0.171026[0m	
[0mTest set:             rec 0.076485, lam*L1 0.097287, total loss 0.173772[0m	
[0maverage enc weight: 0.0253 / average dec weight: 0.0901[0m	
[0m=====[0m	
[0mepoch 8, time 162.95,  rec 0.075593, lam*L1 0.095023, total loss 0.170616[0m	
[0mTest set:             rec 0.076075, lam*L1 0.097304, total loss 0.173379[0m	
[0maverage enc weight: 0.0251 / average dec weight: 0.0899[0m	
[0m=====[0m	
[0mepoch 9, time 162.38,  rec 0.075194, lam*L1 0.095056, total loss 0.170251[0m	
[0mTest set:             rec 0.075682, lam*L1 0.097338, total loss 0.173020[0m	
[0maverage enc weight: 0.0249 / average dec weight: 0.0898[0m	
[0m=====[0m	
[0mepoch 10, time 163.26,  rec 0.074825, lam*L1 0.095094, total loss 0.169919[0m	
[0mTest set:             rec 0.075320, lam*L1 0.097378, total loss 0.172698[0m	
[0maverage enc weight: 0.0246 / average dec weight: 0.0897[0m	
[0m=====[0m	
[0mepoch 11, time 163.12,  rec 0.074500, lam*L1 0.095129, total loss 0.169629[0m	
[0mTest set:             rec 0.075036, lam*L1 0.097391, total loss 0.172427[0m	
[0maverage enc weight: 0.0245 / average dec weight: 0.0896[0m	
[0m=====[0m	
[0mepoch 12, time 163.26,  rec 0.074246, lam*L1 0.095145, total loss 0.169391[0m	
[0mTest set:             rec 0.074819, lam*L1 0.097391, total loss 0.172210[0m	
[0maverage enc weight: 0.0243 / average dec weight: 0.0895[0m	
[0m=====[0m	
[0mepoch 13, time 162.11,  rec 0.074066, lam*L1 0.095138, total loss 0.169204[0m	
[0mTest set:             rec 0.074671, lam*L1 0.097369, total loss 0.172041[0m	
[0maverage enc weight: 0.0241 / average dec weight: 0.0894[0m	
[0m=====[0m	
[0mepoch 14, time 162.15,  rec 0.073945, lam*L1 0.095112, total loss 0.169057[0m	
[0mTest set:             rec 0.074580, lam*L1 0.097326, total loss 0.171905[0m	
[0maverage enc weight: 0.0240 / average dec weight: 0.0893[0m	
[0m=====[0m	
[0mepoch 15, time 163.18,  rec 0.073865, lam*L1 0.095072, total loss 0.168937[0m	
[0mTest set:             rec 0.074518, lam*L1 0.097274, total loss 0.171793[0m	
[0maverage enc weight: 0.0239 / average dec weight: 0.0893[0m	
[0m=====[0m	
[0mepoch 16, time 163.06,  rec 0.073812, lam*L1 0.095021, total loss 0.168833[0m	
[0mTest set:             rec 0.074477, lam*L1 0.097216, total loss 0.171693[0m	
[0maverage enc weight: 0.0238 / average dec weight: 0.0893[0m	
[0m=====[0m	
[0mepoch 17, time 162.69,  rec 0.073779, lam*L1 0.094959, total loss 0.168739[0m	
[0mTest set:             rec 0.074437, lam*L1 0.097163, total loss 0.171600[0m	
[0maverage enc weight: 0.0237 / average dec weight: 0.0893[0m	
[0m=====[0m	
[0mepoch 18, time 162.09,  rec 0.073759, lam*L1 0.094890, total loss 0.168648[0m	
[0mTest set:             rec 0.074406, lam*L1 0.097104, total loss 0.171510[0m	
[0maverage enc weight: 0.0235 / average dec weight: 0.0892[0m	
[0m=====[0m	
[0mepoch 19, time 163.11,  rec 0.073742, lam*L1 0.094816, total loss 0.168558[0m	
[0mTest set:             rec 0.074387, lam*L1 0.097030, total loss 0.171417[0m	
[0maverage enc weight: 0.0234 / average dec weight: 0.0892[0m	
[0m=====[0m	
[0mepoch 20, time 162.98,  rec 0.073732, lam*L1 0.094730, total loss 0.168462[0m	
[0mTest set:             rec 0.074366, lam*L1 0.096951, total loss 0.171316[0m	
[0maverage enc weight: 0.0232 / average dec weight: 0.0892[0m	
[0m=====[0m	
[0mepoch 21, time 162.69,  rec 0.073712, lam*L1 0.094643, total loss 0.168356[0m	
[0mTest set:             rec 0.074326, lam*L1 0.096876, total loss 0.171203[0m	
[0maverage enc weight: 0.0231 / average dec weight: 0.0891[0m	
[0m=====[0m	
[0mepoch 22, time 162.12,  rec 0.073683, lam*L1 0.094549, total loss 0.168232[0m	
[0mTest set:             rec 0.074284, lam*L1 0.096786, total loss 0.171070[0m	
[0maverage enc weight: 0.0229 / average dec weight: 0.0891[0m	
[0m=====[0m	
[0mepoch 23, time 162.34,  rec 0.073628, lam*L1 0.094462, total loss 0.168089[0m	
[0mTest set:             rec 0.074204, lam*L1 0.096712, total loss 0.170917[0m	
[0maverage enc weight: 0.0228 / average dec weight: 0.0890[0m	
[0m=====[0m	
[0mepoch 24, time 162.15,  rec 0.073542, lam*L1 0.094388, total loss 0.167930[0m	
[0mTest set:             rec 0.074094, lam*L1 0.096654, total loss 0.170748[0m	
[0maverage enc weight: 0.0226 / average dec weight: 0.0890[0m	
[0m=====[0m	
[0mepoch 25, time 163.15,  rec 0.073424, lam*L1 0.094337, total loss 0.167761[0m	
[0mTest set:             rec 0.073964, lam*L1 0.096610, total loss 0.170574[0m	
[0maverage enc weight: 0.0224 / average dec weight: 0.0889[0m	
[0m=====[0m	
[0mepoch 26, time 162.09,  rec 0.073293, lam*L1 0.094296, total loss 0.167589[0m	
[0mTest set:             rec 0.073826, lam*L1 0.096576, total loss 0.170402[0m	
[0maverage enc weight: 0.0223 / average dec weight: 0.0889[0m	
[0m=====[0m	
[0mepoch 27, time 162.30,  rec 0.073160, lam*L1 0.094264, total loss 0.167424[0m	
[0mTest set:             rec 0.073698, lam*L1 0.096542, total loss 0.170241[0m	
[0maverage enc weight: 0.0222 / average dec weight: 0.0889[0m	
[0m=====[0m	
[0mepoch 28, time 161.75,  rec 0.073038, lam*L1 0.094234, total loss 0.167271[0m	
[0mTest set:             rec 0.073593, lam*L1 0.096499, total loss 0.170092[0m	
[0maverage enc weight: 0.0220 / average dec weight: 0.0888[0m	
[0m=====[0m	
[0mepoch 29, time 162.95,  rec 0.072934, lam*L1 0.094198, total loss 0.167132[0m	
[0mTest set:             rec 0.073489, lam*L1 0.096468, total loss 0.169957[0m	
[0maverage enc weight: 0.0219 / average dec weight: 0.0888[0m	
[0m=====[0m	
[0mepoch 30, time 162.05,  rec 0.072848, lam*L1 0.094156, total loss 0.167003[0m	
[0mTest set:             rec 0.073419, lam*L1 0.096412, total loss 0.169831[0m	
[0maverage enc weight: 0.0218 / average dec weight: 0.0888[0m	
[0m=====[0m	
[0mepoch 31, time 162.10,  rec 0.072768, lam*L1 0.094114, total loss 0.166882[0m	
[0mTest set:             rec 0.073345, lam*L1 0.096365, total loss 0.169710[0m	
[0maverage enc weight: 0.0217 / average dec weight: 0.0889[0m	
[0m=====[0m	
[0mepoch 32, time 161.97,  rec 0.072691, lam*L1 0.094072, total loss 0.166764[0m	
[0mTest set:             rec 0.073270, lam*L1 0.096320, total loss 0.169590[0m	
[0maverage enc weight: 0.0215 / average dec weight: 0.0890[0m	
[0m=====[0m	
[0mepoch 33, time 162.83,  rec 0.072613, lam*L1 0.094032, total loss 0.166645[0m	
[0mTest set:             rec 0.073180, lam*L1 0.096287, total loss 0.169467[0m	
[0maverage enc weight: 0.0214 / average dec weight: 0.0891[0m	
[0m=====[0m	
[0mepoch 34, time 161.78,  rec 0.072530, lam*L1 0.093993, total loss 0.166524[0m	
[0mTest set:             rec 0.073115, lam*L1 0.096227, total loss 0.169342[0m	
[0maverage enc weight: 0.0213 / average dec weight: 0.0892[0m	
[0m=====[0m	
[0mepoch 35, time 162.65,  rec 0.072440, lam*L1 0.093960, total loss 0.166400[0m	
[0mTest set:             rec 0.073019, lam*L1 0.096195, total loss 0.169214[0m	
[0maverage enc weight: 0.0212 / average dec weight: 0.0892[0m	
[0m=====[0m	
[0mepoch 36, time 162.14,  rec 0.072344, lam*L1 0.093933, total loss 0.166277[0m	
[0mTest set:             rec 0.072918, lam*L1 0.096170, total loss 0.169088[0m	
[0maverage enc weight: 0.0210 / average dec weight: 0.0893[0m	
[0m=====[0m	
[0mepoch 37, time 162.17,  rec 0.072250, lam*L1 0.093909, total loss 0.166159[0m	
[0mTest set:             rec 0.072821, lam*L1 0.096150, total loss 0.168971[0m	
[0maverage enc weight: 0.0209 / average dec weight: 0.0894[0m	
[0m=====[0m	
[0mepoch 38, time 161.82,  rec 0.072163, lam*L1 0.093890, total loss 0.166053[0m	
[0mTest set:             rec 0.072718, lam*L1 0.096149, total loss 0.168867[0m	
[0maverage enc weight: 0.0209 / average dec weight: 0.0894[0m	
[0m=====[0m	
[0mepoch 39, time 162.38,  rec 0.072079, lam*L1 0.093881, total loss 0.165961[0m	
[0mTest set:             rec 0.072638, lam*L1 0.096142, total loss 0.168779[0m	
[0maverage enc weight: 0.0208 / average dec weight: 0.0894[0m	
[0m=====[0m	
[0mepoch 40, time 162.60,  rec 0.072003, lam*L1 0.093881, total loss 0.165883[0m	
[0mTest set:             rec 0.072582, lam*L1 0.096124, total loss 0.168706[0m	
[0maverage enc weight: 0.0208 / average dec weight: 0.0894[0m	
[0m=====[0m	
[0mepoch 41, time 162.28,  rec 0.071936, lam*L1 0.093883, total loss 0.165819[0m	
[0mTest set:             rec 0.072528, lam*L1 0.096117, total loss 0.168646[0m	
[0maverage enc weight: 0.0207 / average dec weight: 0.0894[0m	
[0m=====[0m	
[0mepoch 42, time 162.75,  rec 0.071879, lam*L1 0.093887, total loss 0.165766[0m	
[0mTest set:             rec 0.072479, lam*L1 0.096117, total loss 0.168596[0m	
[0maverage enc weight: 0.0207 / average dec weight: 0.0894[0m	
[0m=====[0m	
[0mepoch 43, time 162.50,  rec 0.071829, lam*L1 0.093893, total loss 0.165722[0m	
[0mTest set:             rec 0.072431, lam*L1 0.096122, total loss 0.168553[0m	
[0maverage enc weight: 0.0207 / average dec weight: 0.0894[0m	
[0m=====[0m	
[0mepoch 44, time 162.41,  rec 0.071784, lam*L1 0.093899, total loss 0.165683[0m	
[0mTest set:             rec 0.072389, lam*L1 0.096127, total loss 0.168516[0m	
[0maverage enc weight: 0.0207 / average dec weight: 0.0894[0m	
[0m=====[0m	
[0mepoch 45, time 161.84,  rec 0.071745, lam*L1 0.093904, total loss 0.165649[0m	
[0mTest set:             rec 0.072350, lam*L1 0.096134, total loss 0.168483[0m	
[0maverage enc weight: 0.0207 / average dec weight: 0.0894[0m	
[0m=====[0m	
[0mepoch 46, time 162.04,  rec 0.071706, lam*L1 0.093914, total loss 0.165619[0m	
[0mTest set:             rec 0.072309, lam*L1 0.096146, total loss 0.168455[0m	
[0maverage enc weight: 0.0206 / average dec weight: 0.0894[0m	
[0m=====[0m	
[0mepoch 47, time 161.88,  rec 0.071671, lam*L1 0.093921, total loss 0.165592[0m	
[0mTest set:             rec 0.072278, lam*L1 0.096151, total loss 0.168429[0m	
[0maverage enc weight: 0.0206 / average dec weight: 0.0894[0m	
[0m=====[0m	
[0mepoch 48, time 161.99,  rec 0.071639, lam*L1 0.093928, total loss 0.165568[0m	
[0mTest set:             rec 0.072256, lam*L1 0.096149, total loss 0.168405[0m	
[0maverage enc weight: 0.0206 / average dec weight: 0.0894[0m	
[0m=====[0m	
[0mepoch 49, time 161.65,  rec 0.071608, lam*L1 0.093937, total loss 0.165544[0m	
[0mTest set:             rec 0.072226, lam*L1 0.096156, total loss 0.168382[0m	
[0maverage enc weight: 0.0206 / average dec weight: 0.0894[0m	
[0m=====[0m	
[0mepoch 50, time 162.94,  rec 0.071577, lam*L1 0.093946, total loss 0.165522[0m	
[0mTest set:             rec 0.072196, lam*L1 0.096165, total loss 0.168361[0m	
[0maverage enc weight: 0.0206 / average dec weight: 0.0894[0m	
[0m=====[0m	
[0m      Time     Calls       Avg       Min       Max  Name[0m	
[0m 8169.1511         1 8169.1511 8169.1511 8169.1511  train[0m	
[0m 7589.0648        50  151.7813  150.9865  152.5833  epoch[0m	
[0m 7588.7656    156200    0.0486    0.0478    0.1401  batch[0m	
[0m  534.0896        50   10.6818   10.6540   10.8651  evaluate[0m	
[0mRUNNING WITH LAMBDA = 0.0001[0m	
[0m ================== [0m	
[0mtrain[0m	
[0mPre-train Test set evaluation: rec 0.384010, lam*L1 2.554183,  total loss 2.938193[0m	
[0mepoch 1, time 162.77,  rec 0.206147, lam*L1 0.063683, total loss 0.269830[0m	
[0mTest set:             rec 0.185714, lam*L1 0.068894, total loss 0.254608[0m	
[0maverage enc weight: 0.0333 / average dec weight: 0.0983[0m	
[0m=====[0m	
[0mepoch 2, time 163.44,  rec 0.167940, lam*L1 0.073756, total loss 0.241696[0m	
[0mTest set:             rec 0.159180, lam*L1 0.081617, total loss 0.240797[0m	
[0maverage enc weight: 0.0307 / average dec weight: 0.0966[0m	
[0m=====[0m	
[0mepoch 3, time 163.53,  rec 0.151489, lam*L1 0.081635, total loss 0.233125[0m	
[0mTest set:             rec 0.149830, lam*L1 0.085902, total loss 0.235732[0m	
[0maverage enc weight: 0.0292 / average dec weight: 0.0956[0m	
[0m=====[0m	
[0mepoch 4, time 162.72,  rec 0.145900, lam*L1 0.084235, total loss 0.230135[0m	
[0mTest set:             rec 0.146732, lam*L1 0.087208, total loss 0.233940[0m	
[0maverage enc weight: 0.0283 / average dec weight: 0.0948[0m	
[0m=====[0m	
[0mepoch 5, time 163.44,  rec 0.143903, lam*L1 0.085027, total loss 0.228930[0m	
[0mTest set:             rec 0.145359, lam*L1 0.087704, total loss 0.233063[0m	
[0maverage enc weight: 0.0277 / average dec weight: 0.0943[0m	
[0m=====[0m	
[0mepoch 6, time 163.57,  rec 0.142834, lam*L1 0.085397, total loss 0.228231[0m	
[0mTest set:             rec 0.144433, lam*L1 0.088026, total loss 0.232459[0m	
[0maverage enc weight: 0.0272 / average dec weight: 0.0938[0m	
[0m=====[0m	
[0mepoch 7, time 163.10,  rec 0.142029, lam*L1 0.085667, total loss 0.227696[0m	
[0mTest set:             rec 0.143722, lam*L1 0.088220, total loss 0.231942[0m	
[0maverage enc weight: 0.0267 / average dec weight: 0.0934[0m	
[0m=====[0m	
[0mepoch 8, time 162.79,  rec 0.141247, lam*L1 0.085937, total loss 0.227184[0m	
[0mTest set:             rec 0.142840, lam*L1 0.088517, total loss 0.231356[0m	
[0maverage enc weight: 0.0264 / average dec weight: 0.0930[0m	
[0m=====[0m	
[0mepoch 9, time 163.09,  rec 0.140220, lam*L1 0.086309, total loss 0.226529[0m	
[0mTest set:             rec 0.141649, lam*L1 0.088926, total loss 0.230575[0m	
[0maverage enc weight: 0.0261 / average dec weight: 0.0929[0m	
[0m=====[0m	
[0mepoch 10, time 162.54,  rec 0.139193, lam*L1 0.086588, total loss 0.225781[0m	
[0mTest set:             rec 0.140729, lam*L1 0.089137, total loss 0.229866[0m	
[0maverage enc weight: 0.0259 / average dec weight: 0.0930[0m	
[0m=====[0m	
[0mepoch 11, time 162.77,  rec 0.138552, lam*L1 0.086637, total loss 0.225188[0m	
[0mTest set:             rec 0.140190, lam*L1 0.089172, total loss 0.229362[0m	
[0maverage enc weight: 0.0257 / average dec weight: 0.0931[0m	
[0m=====[0m	
[0mepoch 12, time 163.05,  rec 0.138122, lam*L1 0.086644, total loss 0.224767[0m	
[0mTest set:             rec 0.139783, lam*L1 0.089220, total loss 0.229003[0m	
[0maverage enc weight: 0.0255 / average dec weight: 0.0931[0m	
[0m=====[0m	
[0mepoch 13, time 163.17,  rec 0.137795, lam*L1 0.086667, total loss 0.224461[0m	
[0mTest set:             rec 0.139439, lam*L1 0.089298, total loss 0.228738[0m	
[0maverage enc weight: 0.0254 / average dec weight: 0.0931[0m	
[0m=====[0m	
[0mepoch 14, time 162.72,  rec 0.137507, lam*L1 0.086721, total loss 0.224228[0m	
[0mTest set:             rec 0.139143, lam*L1 0.089383, total loss 0.228526[0m	
[0maverage enc weight: 0.0253 / average dec weight: 0.0931[0m	
[0m=====[0m	
[0mepoch 15, time 163.27,  rec 0.137258, lam*L1 0.086780, total loss 0.224038[0m	
[0mTest set:             rec 0.138891, lam*L1 0.089459, total loss 0.228350[0m	
[0maverage enc weight: 0.0252 / average dec weight: 0.0930[0m	
[0m=====[0m	
[0mepoch 16, time 162.80,  rec 0.137043, lam*L1 0.086836, total loss 0.223879[0m	
[0mTest set:             rec 0.138660, lam*L1 0.089541, total loss 0.228201[0m	
[0maverage enc weight: 0.0251 / average dec weight: 0.0930[0m	
[0m=====[0m	
[0mepoch 17, time 163.74,  rec 0.136864, lam*L1 0.086882, total loss 0.223746[0m	
[0mTest set:             rec 0.138505, lam*L1 0.089572, total loss 0.228077[0m	
[0maverage enc weight: 0.0250 / average dec weight: 0.0930[0m	
[0m=====[0m	
[0mepoch 18, time 163.43,  rec 0.136726, lam*L1 0.086912, total loss 0.223638[0m	
[0mTest set:             rec 0.138370, lam*L1 0.089606, total loss 0.227976[0m	
[0maverage enc weight: 0.0250 / average dec weight: 0.0929[0m	
[0m=====[0m	
[0mepoch 19, time 163.34,  rec 0.136620, lam*L1 0.086930, total loss 0.223550[0m	
[0mTest set:             rec 0.138293, lam*L1 0.089601, total loss 0.227894[0m	
[0maverage enc weight: 0.0249 / average dec weight: 0.0929[0m	
[0m=====[0m	
[0mepoch 20, time 163.45,  rec 0.136540, lam*L1 0.086939, total loss 0.223479[0m	
[0mTest set:             rec 0.138209, lam*L1 0.089617, total loss 0.227826[0m	
[0maverage enc weight: 0.0249 / average dec weight: 0.0929[0m	
[0m=====[0m	
[0mepoch 21, time 163.38,  rec 0.136475, lam*L1 0.086942, total loss 0.223418[0m	
[0mTest set:             rec 0.138138, lam*L1 0.089630, total loss 0.227767[0m	
[0maverage enc weight: 0.0248 / average dec weight: 0.0929[0m	
[0m=====[0m	
[0mepoch 22, time 163.05,  rec 0.136425, lam*L1 0.086939, total loss 0.223364[0m	
[0mTest set:             rec 0.138092, lam*L1 0.089622, total loss 0.227715[0m	
[0maverage enc weight: 0.0248 / average dec weight: 0.0929[0m	
[0m=====[0m	
[0mepoch 23, time 163.26,  rec 0.136378, lam*L1 0.086935, total loss 0.223314[0m	
[0mTest set:             rec 0.138024, lam*L1 0.089639, total loss 0.227664[0m	
[0maverage enc weight: 0.0248 / average dec weight: 0.0929[0m	
[0m=====[0m	
[0mepoch 24, time 163.05,  rec 0.136329, lam*L1 0.086936, total loss 0.223264[0m	
[0mTest set:             rec 0.137951, lam*L1 0.089660, total loss 0.227612[0m	
[0maverage enc weight: 0.0247 / average dec weight: 0.0929[0m	
[0m=====[0m	
[0mepoch 25, time 163.42,  rec 0.136276, lam*L1 0.086937, total loss 0.223213[0m	
[0mTest set:             rec 0.137891, lam*L1 0.089666, total loss 0.227557[0m	
[0maverage enc weight: 0.0247 / average dec weight: 0.0928[0m	
[0m=====[0m	
[0mepoch 26, time 163.12,  rec 0.136217, lam*L1 0.086941, total loss 0.223158[0m	
[0mTest set:             rec 0.137821, lam*L1 0.089674, total loss 0.227495[0m	
[0maverage enc weight: 0.0246 / average dec weight: 0.0928[0m	
[0m=====[0m	
[0mepoch 27, time 162.98,  rec 0.136146, lam*L1 0.086949, total loss 0.223095[0m	
[0mTest set:             rec 0.137745, lam*L1 0.089677, total loss 0.227423[0m	
[0maverage enc weight: 0.0246 / average dec weight: 0.0928[0m	
[0m=====[0m	
[0mepoch 28, time 162.70,  rec 0.136057, lam*L1 0.086964, total loss 0.223020[0m	
[0mTest set:             rec 0.137630, lam*L1 0.089706, total loss 0.227335[0m	
[0maverage enc weight: 0.0245 / average dec weight: 0.0928[0m	
[0m=====[0m	
[0mepoch 29, time 163.18,  rec 0.135935, lam*L1 0.086992, total loss 0.222927[0m	
[0mTest set:             rec 0.137478, lam*L1 0.089749, total loss 0.227226[0m	
[0maverage enc weight: 0.0244 / average dec weight: 0.0928[0m	
[0m=====[0m	
[0mepoch 30, time 163.08,  rec 0.135776, lam*L1 0.087032, total loss 0.222809[0m	
[0mTest set:             rec 0.137247, lam*L1 0.089845, total loss 0.227092[0m	
[0maverage enc weight: 0.0243 / average dec weight: 0.0928[0m	
[0m=====[0m	
[0mepoch 31, time 163.45,  rec 0.135568, lam*L1 0.087096, total loss 0.222664[0m	
[0mTest set:             rec 0.136995, lam*L1 0.089936, total loss 0.226931[0m	
[0maverage enc weight: 0.0242 / average dec weight: 0.0928[0m	
[0m=====[0m	
[0mepoch 32, time 162.83,  rec 0.135341, lam*L1 0.087159, total loss 0.222500[0m	
[0mTest set:             rec 0.136764, lam*L1 0.089992, total loss 0.226756[0m	
[0maverage enc weight: 0.0242 / average dec weight: 0.0928[0m	
[0m=====[0m	
[0mepoch 33, time 162.99,  rec 0.135111, lam*L1 0.087220, total loss 0.222331[0m	
[0mTest set:             rec 0.136513, lam*L1 0.090075, total loss 0.226588[0m	
[0maverage enc weight: 0.0241 / average dec weight: 0.0927[0m	
[0m=====[0m	
[0mepoch 34, time 162.44,  rec 0.134901, lam*L1 0.087275, total loss 0.222175[0m	
[0mTest set:             rec 0.136325, lam*L1 0.090115, total loss 0.226440[0m	
[0maverage enc weight: 0.0240 / average dec weight: 0.0927[0m	
[0m=====[0m	
[0mepoch 35, time 163.38,  rec 0.134729, lam*L1 0.087315, total loss 0.222044[0m	
[0mTest set:             rec 0.136132, lam*L1 0.090184, total loss 0.226316[0m	
[0maverage enc weight: 0.0240 / average dec weight: 0.0927[0m	
[0m=====[0m	
[0mepoch 36, time 162.73,  rec 0.134581, lam*L1 0.087354, total loss 0.221935[0m	
[0mTest set:             rec 0.136006, lam*L1 0.090205, total loss 0.226211[0m	
[0maverage enc weight: 0.0239 / average dec weight: 0.0927[0m	
[0m=====[0m	
[0mepoch 37, time 162.95,  rec 0.134446, lam*L1 0.087396, total loss 0.221842[0m	
[0mTest set:             rec 0.135865, lam*L1 0.090253, total loss 0.226119[0m	
[0maverage enc weight: 0.0239 / average dec weight: 0.0927[0m	
[0m=====[0m	
[0mepoch 38, time 162.55,  rec 0.134319, lam*L1 0.087439, total loss 0.221759[0m	
[0mTest set:             rec 0.135795, lam*L1 0.090239, total loss 0.226034[0m	
[0maverage enc weight: 0.0238 / average dec weight: 0.0927[0m	
[0m=====[0m	
[0mepoch 39, time 162.42,  rec 0.134200, lam*L1 0.087480, total loss 0.221680[0m	
[0mTest set:             rec 0.135685, lam*L1 0.090267, total loss 0.225952[0m	
[0maverage enc weight: 0.0238 / average dec weight: 0.0926[0m	
[0m=====[0m	
[0mepoch 40, time 163.46,  rec 0.134075, lam*L1 0.087530, total loss 0.221604[0m	
[0mTest set:             rec 0.135582, lam*L1 0.090291, total loss 0.225873[0m	
[0maverage enc weight: 0.0237 / average dec weight: 0.0927[0m	
[0m=====[0m	
[0mepoch 41, time 162.62,  rec 0.133956, lam*L1 0.087575, total loss 0.221531[0m	
[0mTest set:             rec 0.135462, lam*L1 0.090335, total loss 0.225798[0m	
[0maverage enc weight: 0.0236 / average dec weight: 0.0926[0m	
[0m=====[0m	
[0mepoch 42, time 163.48,  rec 0.133842, lam*L1 0.087618, total loss 0.221461[0m	
[0mTest set:             rec 0.135361, lam*L1 0.090364, total loss 0.225725[0m	
[0maverage enc weight: 0.0236 / average dec weight: 0.0926[0m	
[0m=====[0m	
[0mepoch 43, time 163.42,  rec 0.133737, lam*L1 0.087657, total loss 0.221393[0m	
[0mTest set:             rec 0.135261, lam*L1 0.090394, total loss 0.225656[0m	
[0maverage enc weight: 0.0235 / average dec weight: 0.0926[0m	
[0m=====[0m	
[0mepoch 44, time 163.55,  rec 0.133632, lam*L1 0.087697, total loss 0.221329[0m	
[0mTest set:             rec 0.135163, lam*L1 0.090426, total loss 0.225589[0m	
[0maverage enc weight: 0.0234 / average dec weight: 0.0926[0m	
[0m=====[0m	
[0mepoch 45, time 163.08,  rec 0.133534, lam*L1 0.087733, total loss 0.221267[0m	
[0mTest set:             rec 0.135065, lam*L1 0.090460, total loss 0.225525[0m	
[0maverage enc weight: 0.0234 / average dec weight: 0.0925[0m	
[0m=====[0m	
[0mepoch 46, time 163.31,  rec 0.133442, lam*L1 0.087766, total loss 0.221208[0m	
[0mTest set:             rec 0.134947, lam*L1 0.090517, total loss 0.225464[0m	
[0maverage enc weight: 0.0233 / average dec weight: 0.0925[0m	
[0m=====[0m	
[0mepoch 47, time 162.82,  rec 0.133355, lam*L1 0.087796, total loss 0.221151[0m	
[0mTest set:             rec 0.134861, lam*L1 0.090543, total loss 0.225404[0m	
[0maverage enc weight: 0.0233 / average dec weight: 0.0924[0m	
[0m=====[0m	
[0mepoch 48, time 162.82,  rec 0.133266, lam*L1 0.087829, total loss 0.221095[0m	
[0mTest set:             rec 0.134784, lam*L1 0.090560, total loss 0.225345[0m	
[0maverage enc weight: 0.0232 / average dec weight: 0.0924[0m	
[0m=====[0m	
[0mepoch 49, time 162.88,  rec 0.133181, lam*L1 0.087859, total loss 0.221040[0m	
[0mTest set:             rec 0.134683, lam*L1 0.090602, total loss 0.225285[0m	
[0maverage enc weight: 0.0232 / average dec weight: 0.0923[0m	
[0m=====[0m	
[0mepoch 50, time 163.00,  rec 0.133095, lam*L1 0.087890, total loss 0.220984[0m	
[0mTest set:             rec 0.134586, lam*L1 0.090639, total loss 0.225225[0m	
[0maverage enc weight: 0.0231 / average dec weight: 0.0923[0m	
[0m=====[0m	
[0m      Time     Calls       Avg       Min       Max  Name[0m	
[0m 8200.6225         1 8200.6225 8200.6225 8200.6225  train[0m	
[0m 7620.4362        50  152.4087  151.7412  153.0653  epoch[0m	
[0m 7620.1354    156200    0.0488    0.0482    0.1164  batch[0m	
[0m  533.6547        50   10.6731   10.6501   10.7264  evaluate[0m	
[0mRUNNING WITH LAMBDA = 0.000177827941[0m	
[0m ================== [0m	
[0mtrain[0m	
[0mPre-train Test set evaluation: rec 0.384010, lam*L1 4.542052,  total loss 4.926062[0m	
[0mepoch 1, time 162.35,  rec 0.279337, lam*L1 0.016329, total loss 0.295666[0m	
[0mTest set:             rec 0.283997, lam*L1 0.007673, total loss 0.291670[0m	
[0maverage enc weight: 0.0308 / average dec weight: 0.0994[0m	
[0m=====[0m	
[0mepoch 2, time 163.15,  rec 0.274447, lam*L1 0.008806, total loss 0.283254[0m	
[0mTest set:             rec 0.276813, lam*L1 0.011853, total loss 0.288666[0m	
[0maverage enc weight: 0.0293 / average dec weight: 0.0991[0m	
[0m=====[0m	
[0mepoch 3, time 163.08,  rec 0.267319, lam*L1 0.013320, total loss 0.280639[0m	
[0mTest set:             rec 0.268323, lam*L1 0.017576, total loss 0.285899[0m	
[0maverage enc weight: 0.0284 / average dec weight: 0.0988[0m	
[0m=====[0m	
[0mepoch 4, time 162.48,  rec 0.258664, lam*L1 0.019336, total loss 0.278000[0m	
[0mTest set:             rec 0.260941, lam*L1 0.022571, total loss 0.283512[0m	
[0maverage enc weight: 0.0277 / average dec weight: 0.0983[0m	
[0m=====[0m	
[0mepoch 5, time 162.89,  rec 0.253866, lam*L1 0.022647, total loss 0.276513[0m	
[0mTest set:             rec 0.257583, lam*L1 0.024953, total loss 0.282536[0m	
[0maverage enc weight: 0.0272 / average dec weight: 0.0980[0m	
[0m=====[0m	
[0mepoch 6, time 162.56,  rec 0.250774, lam*L1 0.024940, total loss 0.275714[0m	
[0mTest set:             rec 0.254205, lam*L1 0.027488, total loss 0.281693[0m	
[0maverage enc weight: 0.0269 / average dec weight: 0.0978[0m	
[0m=====[0m	
[0mepoch 7, time 162.57,  rec 0.246867, lam*L1 0.027882, total loss 0.274749[0m	
[0mTest set:             rec 0.250112, lam*L1 0.030465, total loss 0.280577[0m	
[0maverage enc weight: 0.0266 / average dec weight: 0.0977[0m	
[0m=====[0m	
[0mepoch 8, time 162.09,  rec 0.243419, lam*L1 0.030405, total loss 0.273824[0m	
[0mTest set:             rec 0.247545, lam*L1 0.032310, total loss 0.279855[0m	
[0maverage enc weight: 0.0264 / average dec weight: 0.0976[0m	
[0m=====[0m	
[0mepoch 9, time 162.51,  rec 0.241597, lam*L1 0.031729, total loss 0.273326[0m	
[0mTest set:             rec 0.246015, lam*L1 0.033462, total loss 0.279477[0m	
[0maverage enc weight: 0.0262 / average dec weight: 0.0976[0m	
[0m=====[0m	
[0mepoch 10, time 161.92,  rec 0.240221, lam*L1 0.032759, total loss 0.272980[0m	
[0mTest set:             rec 0.244332, lam*L1 0.034776, total loss 0.279108[0m	
[0maverage enc weight: 0.0261 / average dec weight: 0.0975[0m	
[0m=====[0m	
[0mepoch 11, time 163.03,  rec 0.238331, lam*L1 0.034186, total loss 0.272518[0m	
[0mTest set:             rec 0.241900, lam*L1 0.036622, total loss 0.278522[0m	
[0maverage enc weight: 0.0260 / average dec weight: 0.0974[0m	
[0m=====[0m	
[0mepoch 12, time 162.92,  rec 0.235812, lam*L1 0.036033, total loss 0.271845[0m	
[0mTest set:             rec 0.239362, lam*L1 0.038431, total loss 0.277793[0m	
[0maverage enc weight: 0.0260 / average dec weight: 0.0974[0m	
[0m=====[0m	
[0mepoch 13, time 162.90,  rec 0.233559, lam*L1 0.037646, total loss 0.271206[0m	
[0mTest set:             rec 0.237381, lam*L1 0.039819, total loss 0.277200[0m	
[0maverage enc weight: 0.0259 / average dec weight: 0.0973[0m	
[0m=====[0m	
[0mepoch 14, time 162.12,  rec 0.231847, lam*L1 0.038860, total loss 0.270707[0m	
[0mTest set:             rec 0.235820, lam*L1 0.040909, total loss 0.276728[0m	
[0maverage enc weight: 0.0259 / average dec weight: 0.0973[0m	
[0m=====[0m	
[0mepoch 15, time 162.48,  rec 0.230703, lam*L1 0.039632, total loss 0.270335[0m	
[0mTest set:             rec 0.234882, lam*L1 0.041531, total loss 0.276413[0m	
[0maverage enc weight: 0.0259 / average dec weight: 0.0972[0m	
[0m=====[0m	
[0mepoch 16, time 162.77,  rec 0.230094, lam*L1 0.040008, total loss 0.270102[0m	
[0mTest set:             rec 0.234468, lam*L1 0.041765, total loss 0.276233[0m	
[0maverage enc weight: 0.0258 / average dec weight: 0.0971[0m	
[0m=====[0m	
[0mepoch 17, time 162.25,  rec 0.229779, lam*L1 0.040182, total loss 0.269961[0m	
[0mTest set:             rec 0.234260, lam*L1 0.041862, total loss 0.276122[0m	
[0maverage enc weight: 0.0258 / average dec weight: 0.0971[0m	
[0m=====[0m	
[0mepoch 18, time 162.68,  rec 0.229558, lam*L1 0.040306, total loss 0.269864[0m	
[0mTest set:             rec 0.234018, lam*L1 0.042017, total loss 0.276035[0m	
[0maverage enc weight: 0.0257 / average dec weight: 0.0971[0m	
[0m=====[0m	
[0mepoch 19, time 162.74,  rec 0.229306, lam*L1 0.040469, total loss 0.269775[0m	
[0mTest set:             rec 0.233661, lam*L1 0.042276, total loss 0.275937[0m	
[0maverage enc weight: 0.0257 / average dec weight: 0.0970[0m	
[0m=====[0m	
[0mepoch 20, time 163.05,  rec 0.228862, lam*L1 0.040790, total loss 0.269652[0m	
[0mTest set:             rec 0.233012, lam*L1 0.042749, total loss 0.275760[0m	
[0maverage enc weight: 0.0257 / average dec weight: 0.0970[0m	
[0m=====[0m	
[0mepoch 21, time 162.32,  rec 0.227833, lam*L1 0.041554, total loss 0.269387[0m	
[0mTest set:             rec 0.231526, lam*L1 0.043823, total loss 0.275348[0m	
[0maverage enc weight: 0.0256 / average dec weight: 0.0968[0m	
[0m=====[0m	
[0mepoch 22, time 162.30,  rec 0.226100, lam*L1 0.042797, total loss 0.268897[0m	
[0mTest set:             rec 0.229743, lam*L1 0.045057, total loss 0.274800[0m	
[0maverage enc weight: 0.0256 / average dec weight: 0.0967[0m	
[0m=====[0m	
[0mepoch 23, time 162.78,  rec 0.224714, lam*L1 0.043751, total loss 0.268466[0m	
[0mTest set:             rec 0.228689, lam*L1 0.045793, total loss 0.274482[0m	
[0maverage enc weight: 0.0255 / average dec weight: 0.0965[0m	
[0m=====[0m	
[0mepoch 24, time 162.24,  rec 0.224018, lam*L1 0.044225, total loss 0.268243[0m	
[0mTest set:             rec 0.228202, lam*L1 0.046125, total loss 0.274327[0m	
[0maverage enc weight: 0.0255 / average dec weight: 0.0963[0m	
[0m=====[0m	
[0mepoch 25, time 162.92,  rec 0.223615, lam*L1 0.044502, total loss 0.268117[0m	
[0mTest set:             rec 0.227861, lam*L1 0.046361, total loss 0.274222[0m	
[0maverage enc weight: 0.0254 / average dec weight: 0.0962[0m	
[0m=====[0m	
[0mepoch 26, time 162.45,  rec 0.223316, lam*L1 0.044707, total loss 0.268022[0m	
[0mTest set:             rec 0.227540, lam*L1 0.046592, total loss 0.274132[0m	
[0maverage enc weight: 0.0253 / average dec weight: 0.0962[0m	
[0m=====[0m	
[0mepoch 27, time 163.24,  rec 0.223064, lam*L1 0.044874, total loss 0.267938[0m	
[0mTest set:             rec 0.227258, lam*L1 0.046789, total loss 0.274046[0m	
[0maverage enc weight: 0.0253 / average dec weight: 0.0961[0m	
[0m=====[0m	
[0mepoch 28, time 162.48,  rec 0.222837, lam*L1 0.045022, total loss 0.267859[0m	
[0mTest set:             rec 0.227008, lam*L1 0.046956, total loss 0.273964[0m	
[0maverage enc weight: 0.0252 / average dec weight: 0.0960[0m	
[0m=====[0m	
[0mepoch 29, time 162.08,  rec 0.222627, lam*L1 0.045158, total loss 0.267785[0m	
[0mTest set:             rec 0.226805, lam*L1 0.047082, total loss 0.273887[0m	
[0maverage enc weight: 0.0251 / average dec weight: 0.0960[0m	
[0m=====[0m	
[0mepoch 30, time 162.31,  rec 0.222432, lam*L1 0.045283, total loss 0.267716[0m	
[0mTest set:             rec 0.226591, lam*L1 0.047223, total loss 0.273814[0m	
[0maverage enc weight: 0.0251 / average dec weight: 0.0960[0m	
[0m=====[0m	
[0mepoch 31, time 162.15,  rec 0.222261, lam*L1 0.045391, total loss 0.267652[0m	
[0mTest set:             rec 0.226404, lam*L1 0.047343, total loss 0.273747[0m	
[0maverage enc weight: 0.0250 / average dec weight: 0.0960[0m	
[0m=====[0m	
[0mepoch 32, time 162.45,  rec 0.222096, lam*L1 0.045499, total loss 0.267595[0m	
[0mTest set:             rec 0.226223, lam*L1 0.047465, total loss 0.273688[0m	
[0maverage enc weight: 0.0249 / average dec weight: 0.0960[0m	
[0m=====[0m	
[0mepoch 33, time 161.88,  rec 0.221933, lam*L1 0.045611, total loss 0.267544[0m	
[0mTest set:             rec 0.226057, lam*L1 0.047578, total loss 0.273635[0m	
[0maverage enc weight: 0.0249 / average dec weight: 0.0960[0m	
[0m=====[0m	
[0mepoch 34, time 162.43,  rec 0.221783, lam*L1 0.045715, total loss 0.267498[0m	
[0mTest set:             rec 0.225876, lam*L1 0.047710, total loss 0.273586[0m	
[0maverage enc weight: 0.0248 / average dec weight: 0.0960[0m	
[0m=====[0m	
[0mepoch 35, time 162.25,  rec 0.221623, lam*L1 0.045833, total loss 0.267455[0m	
[0mTest set:             rec 0.225721, lam*L1 0.047821, total loss 0.273542[0m	
[0maverage enc weight: 0.0248 / average dec weight: 0.0960[0m	
[0m=====[0m	
[0mepoch 36, time 162.32,  rec 0.221452, lam*L1 0.045964, total loss 0.267415[0m	
[0mTest set:             rec 0.225517, lam*L1 0.047982, total loss 0.273499[0m	
[0maverage enc weight: 0.0247 / average dec weight: 0.0960[0m	
[0m=====[0m	
[0mepoch 37, time 162.67,  rec 0.221255, lam*L1 0.046120, total loss 0.267375[0m	
[0mTest set:             rec 0.225295, lam*L1 0.048159, total loss 0.273454[0m	
[0maverage enc weight: 0.0246 / average dec weight: 0.0960[0m	
[0m=====[0m	
[0mepoch 38, time 162.39,  rec 0.221028, lam*L1 0.046305, total loss 0.267332[0m	
[0mTest set:             rec 0.224995, lam*L1 0.048407, total loss 0.273402[0m	
[0maverage enc weight: 0.0246 / average dec weight: 0.0960[0m	
[0m=====[0m	
[0mepoch 39, time 163.03,  rec 0.220721, lam*L1 0.046559, total loss 0.267280[0m	
[0mTest set:             rec 0.224606, lam*L1 0.048729, total loss 0.273334[0m	
[0maverage enc weight: 0.0246 / average dec weight: 0.0959[0m	
[0m=====[0m	
[0mepoch 40, time 162.14,  rec 0.220284, lam*L1 0.046922, total loss 0.267206[0m	
[0mTest set:             rec 0.223980, lam*L1 0.049247, total loss 0.273227[0m	
[0maverage enc weight: 0.0245 / average dec weight: 0.0958[0m	
[0m=====[0m	
[0mepoch 41, time 161.94,  rec 0.219598, lam*L1 0.047482, total loss 0.267080[0m	
[0mTest set:             rec 0.223083, lam*L1 0.049953, total loss 0.273036[0m	
[0maverage enc weight: 0.0245 / average dec weight: 0.0957[0m	
[0m=====[0m	
[0mepoch 42, time 162.44,  rec 0.218552, lam*L1 0.048306, total loss 0.266859[0m	
[0mTest set:             rec 0.221819, lam*L1 0.050901, total loss 0.272720[0m	
[0maverage enc weight: 0.0245 / average dec weight: 0.0956[0m	
[0m=====[0m	
[0mepoch 43, time 162.11,  rec 0.217324, lam*L1 0.049226, total loss 0.266551[0m	
[0mTest set:             rec 0.220538, lam*L1 0.051843, total loss 0.272381[0m	
[0maverage enc weight: 0.0246 / average dec weight: 0.0957[0m	
[0m=====[0m	
[0mepoch 44, time 162.61,  rec 0.216432, lam*L1 0.049859, total loss 0.266291[0m	
[0mTest set:             rec 0.219863, lam*L1 0.052305, total loss 0.272168[0m	
[0maverage enc weight: 0.0246 / average dec weight: 0.0957[0m	
[0m=====[0m	
[0mepoch 45, time 162.02,  rec 0.216004, lam*L1 0.050144, total loss 0.266148[0m	
[0mTest set:             rec 0.219515, lam*L1 0.052551, total loss 0.272066[0m	
[0maverage enc weight: 0.0246 / average dec weight: 0.0956[0m	
[0m=====[0m	
[0mepoch 46, time 163.30,  rec 0.215811, lam*L1 0.050264, total loss 0.266074[0m	
[0mTest set:             rec 0.219371, lam*L1 0.052637, total loss 0.272009[0m	
[0maverage enc weight: 0.0246 / average dec weight: 0.0956[0m	
[0m=====[0m	
[0mepoch 47, time 162.74,  rec 0.215696, lam*L1 0.050332, total loss 0.266028[0m	
[0mTest set:             rec 0.219219, lam*L1 0.052749, total loss 0.271968[0m	
[0maverage enc weight: 0.0247 / average dec weight: 0.0955[0m	
[0m=====[0m	
[0mepoch 48, time 163.17,  rec 0.215600, lam*L1 0.050392, total loss 0.265992[0m	
[0mTest set:             rec 0.219117, lam*L1 0.052816, total loss 0.271933[0m	
[0maverage enc weight: 0.0246 / average dec weight: 0.0955[0m	
[0m=====[0m	
[0mepoch 49, time 163.24,  rec 0.215508, lam*L1 0.050451, total loss 0.265959[0m	
[0mTest set:             rec 0.219041, lam*L1 0.052859, total loss 0.271899[0m	
[0maverage enc weight: 0.0246 / average dec weight: 0.0955[0m	
[0m=====[0m	
[0mepoch 50, time 162.85,  rec 0.215421, lam*L1 0.050507, total loss 0.265928[0m	
[0mTest set:             rec 0.218916, lam*L1 0.052949, total loss 0.271865[0m	
[0maverage enc weight: 0.0246 / average dec weight: 0.0955[0m	
[0m=====[0m	
[0m      Time     Calls       Avg       Min       Max  Name[0m	
[0m 8173.3027         1 8173.3027 8173.3027 8173.3027  train[0m	
[0m 7594.0261        50  151.8805  151.2203  152.5969  epoch[0m	
[0m 7593.7234    156200    0.0486    0.0480    0.1426  batch[0m	
[0m  533.7240        50   10.6745   10.6461   10.7943  evaluate[0m	
[0mRUNNING WITH LAMBDA = 0.000316227766[0m	
[0m ================== [0m	
[0mtrain[0m	
[0mPre-train Test set evaluation: rec 0.384010, lam*L1 8.077037,  total loss 8.461047[0m	
[0mepoch 1, time 162.69,  rec 0.285421, lam*L1 0.013090, total loss 0.298511[0m	
[0mTest set:             rec 0.293608, lam*L1 0.000423, total loss 0.294031[0m	
[0maverage enc weight: 0.0287 / average dec weight: 0.0995[0m	
[0m=====[0m	
[0mepoch 2, time 162.57,  rec 0.286534, lam*L1 0.000206, total loss 0.286740[0m	
[0mTest set:             rec 0.293711, lam*L1 0.000205, total loss 0.293916[0m	
[0maverage enc weight: 0.0273 / average dec weight: 0.0995[0m	
[0m=====[0m	
[0mepoch 3, time 163.10,  rec 0.286577, lam*L1 0.000111, total loss 0.286688[0m	
[0mTest set:             rec 0.293745, lam*L1 0.000137, total loss 0.293882[0m	
[0maverage enc weight: 0.0266 / average dec weight: 0.0995[0m	
[0m=====[0m	
[0mepoch 4, time 162.51,  rec 0.286593, lam*L1 0.000076, total loss 0.286669[0m	
[0mTest set:             rec 0.293761, lam*L1 0.000105, total loss 0.293866[0m	
[0maverage enc weight: 0.0261 / average dec weight: 0.0995[0m	
[0m=====[0m	
[0mepoch 5, time 161.88,  rec 0.286601, lam*L1 0.000058, total loss 0.286659[0m	
[0mTest set:             rec 0.293770, lam*L1 0.000088, total loss 0.293857[0m	
[0maverage enc weight: 0.0258 / average dec weight: 0.0995[0m	
[0m=====[0m	
[0mepoch 6, time 161.65,  rec 0.286604, lam*L1 0.000049, total loss 0.286653[0m	
[0mTest set:             rec 0.293773, lam*L1 0.000078, total loss 0.293851[0m	
[0maverage enc weight: 0.0255 / average dec weight: 0.0995[0m	
[0m=====[0m	
[0mepoch 7, time 162.53,  rec 0.286604, lam*L1 0.000045, total loss 0.286649[0m	
[0mTest set:             rec 0.293773, lam*L1 0.000074, total loss 0.293847[0m	
[0maverage enc weight: 0.0253 / average dec weight: 0.0995[0m	
[0m=====[0m	
[0mepoch 8, time 162.16,  rec 0.286601, lam*L1 0.000044, total loss 0.286646[0m	
[0mTest set:             rec 0.293774, lam*L1 0.000070, total loss 0.293844[0m	
[0maverage enc weight: 0.0251 / average dec weight: 0.0995[0m	
[0m=====[0m	
[0mepoch 9, time 161.52,  rec 0.286599, lam*L1 0.000044, total loss 0.286643[0m	
[0mTest set:             rec 0.293771, lam*L1 0.000070, total loss 0.293841[0m	
[0maverage enc weight: 0.0249 / average dec weight: 0.0995[0m	
[0m=====[0m	
[0mepoch 10, time 162.17,  rec 0.286595, lam*L1 0.000046, total loss 0.286641[0m	
[0mTest set:             rec 0.293768, lam*L1 0.000071, total loss 0.293839[0m	
[0maverage enc weight: 0.0247 / average dec weight: 0.0995[0m	
[0m=====[0m	
[0mepoch 11, time 161.61,  rec 0.286591, lam*L1 0.000048, total loss 0.286639[0m	
[0mTest set:             rec 0.293766, lam*L1 0.000071, total loss 0.293837[0m	
[0maverage enc weight: 0.0246 / average dec weight: 0.0994[0m	
[0m=====[0m	
[0mepoch 12, time 161.96,  rec 0.286586, lam*L1 0.000051, total loss 0.286637[0m	
[0mTest set:             rec 0.293760, lam*L1 0.000075, total loss 0.293835[0m	
[0maverage enc weight: 0.0245 / average dec weight: 0.0994[0m	
[0m=====[0m	
[0mepoch 13, time 162.05,  rec 0.286578, lam*L1 0.000058, total loss 0.286636[0m	
[0mTest set:             rec 0.293751, lam*L1 0.000082, total loss 0.293833[0m	
[0maverage enc weight: 0.0244 / average dec weight: 0.0994[0m	
[0m=====[0m	
[0mepoch 14, time 162.26,  rec 0.286567, lam*L1 0.000067, total loss 0.286633[0m	
[0mTest set:             rec 0.293741, lam*L1 0.000089, total loss 0.293830[0m	
[0maverage enc weight: 0.0243 / average dec weight: 0.0994[0m	
[0m=====[0m	
[0mepoch 15, time 162.17,  rec 0.286552, lam*L1 0.000079, total loss 0.286631[0m	
[0mTest set:             rec 0.293724, lam*L1 0.000104, total loss 0.293827[0m	
[0maverage enc weight: 0.0242 / average dec weight: 0.0994[0m	
[0m=====[0m	
[0mepoch 16, time 161.89,  rec 0.286529, lam*L1 0.000098, total loss 0.286627[0m	
[0mTest set:             rec 0.293697, lam*L1 0.000127, total loss 0.293823[0m	
[0maverage enc weight: 0.0241 / average dec weight: 0.0994[0m	
[0m=====[0m	
[0mepoch 17, time 161.98,  rec 0.286494, lam*L1 0.000127, total loss 0.286621[0m	
[0mTest set:             rec 0.293643, lam*L1 0.000174, total loss 0.293817[0m	
[0maverage enc weight: 0.0240 / average dec weight: 0.0994[0m	
[0m=====[0m	
[0mepoch 18, time 162.14,  rec 0.286434, lam*L1 0.000177, total loss 0.286611[0m	
[0mTest set:             rec 0.293572, lam*L1 0.000233, total loss 0.293804[0m	
[0maverage enc weight: 0.0239 / average dec weight: 0.0994[0m	
[0m=====[0m	
[0mepoch 19, time 162.59,  rec 0.286318, lam*L1 0.000272, total loss 0.286590[0m	
[0mTest set:             rec 0.293407, lam*L1 0.000368, total loss 0.293774[0m	
[0maverage enc weight: 0.0239 / average dec weight: 0.0994[0m	
[0m=====[0m	
[0mepoch 20, time 162.14,  rec 0.286089, lam*L1 0.000454, total loss 0.286543[0m	
[0mTest set:             rec 0.293063, lam*L1 0.000643, total loss 0.293705[0m	
[0maverage enc weight: 0.0238 / average dec weight: 0.0993[0m	
[0m=====[0m	
[0mepoch 21, time 162.02,  rec 0.285683, lam*L1 0.000763, total loss 0.286445[0m	
[0mTest set:             rec 0.292576, lam*L1 0.000999, total loss 0.293575[0m	
[0maverage enc weight: 0.0238 / average dec weight: 0.0993[0m	
[0m=====[0m	
[0mepoch 22, time 161.63,  rec 0.285210, lam*L1 0.001096, total loss 0.286307[0m	
[0mTest set:             rec 0.292065, lam*L1 0.001357, total loss 0.293423[0m	
[0maverage enc weight: 0.0238 / average dec weight: 0.0993[0m	
[0m=====[0m	
[0mepoch 23, time 162.68,  rec 0.284848, lam*L1 0.001331, total loss 0.286179[0m	
[0mTest set:             rec 0.291711, lam*L1 0.001592, total loss 0.293303[0m	
[0maverage enc weight: 0.0237 / average dec weight: 0.0993[0m	
[0m=====[0m	
[0mepoch 24, time 161.98,  rec 0.284622, lam*L1 0.001466, total loss 0.286088[0m	
[0mTest set:             rec 0.291496, lam*L1 0.001725, total loss 0.293221[0m	
[0maverage enc weight: 0.0236 / average dec weight: 0.0993[0m	
[0m=====[0m	
[0mepoch 25, time 162.07,  rec 0.284466, lam*L1 0.001560, total loss 0.286026[0m	
[0mTest set:             rec 0.291349, lam*L1 0.001813, total loss 0.293163[0m	
[0maverage enc weight: 0.0236 / average dec weight: 0.0993[0m	
[0m=====[0m	
[0mepoch 26, time 162.56,  rec 0.284357, lam*L1 0.001627, total loss 0.285983[0m	
[0mTest set:             rec 0.291230, lam*L1 0.001891, total loss 0.293121[0m	
[0maverage enc weight: 0.0235 / average dec weight: 0.0992[0m	
[0m=====[0m	
[0mepoch 27, time 162.11,  rec 0.284269, lam*L1 0.001684, total loss 0.285954[0m	
[0mTest set:             rec 0.291143, lam*L1 0.001948, total loss 0.293091[0m	
[0maverage enc weight: 0.0235 / average dec weight: 0.0992[0m	
[0m=====[0m	
[0mepoch 28, time 162.21,  rec 0.284202, lam*L1 0.001731, total loss 0.285933[0m	
[0mTest set:             rec 0.291080, lam*L1 0.001990, total loss 0.293070[0m	
[0maverage enc weight: 0.0234 / average dec weight: 0.0992[0m	
[0m=====[0m	
[0mepoch 29, time 162.01,  rec 0.284147, lam*L1 0.001771, total loss 0.285918[0m	
[0mTest set:             rec 0.291032, lam*L1 0.002022, total loss 0.293054[0m	
[0maverage enc weight: 0.0233 / average dec weight: 0.0992[0m	
[0m=====[0m	
[0mepoch 30, time 161.78,  rec 0.284105, lam*L1 0.001803, total loss 0.285908[0m	
[0mTest set:             rec 0.290994, lam*L1 0.002049, total loss 0.293043[0m	
[0maverage enc weight: 0.0233 / average dec weight: 0.0991[0m	
[0m=====[0m	
[0mepoch 31, time 161.67,  rec 0.284074, lam*L1 0.001827, total loss 0.285901[0m	
[0mTest set:             rec 0.290953, lam*L1 0.002082, total loss 0.293035[0m	
[0maverage enc weight: 0.0232 / average dec weight: 0.0991[0m	
[0m=====[0m	
[0mepoch 32, time 161.56,  rec 0.284049, lam*L1 0.001846, total loss 0.285896[0m	
[0mTest set:             rec 0.290926, lam*L1 0.002104, total loss 0.293029[0m	
[0maverage enc weight: 0.0232 / average dec weight: 0.0991[0m	
[0m=====[0m	
[0mepoch 33, time 162.10,  rec 0.284028, lam*L1 0.001864, total loss 0.285892[0m	
[0mTest set:             rec 0.290908, lam*L1 0.002117, total loss 0.293025[0m	
[0maverage enc weight: 0.0232 / average dec weight: 0.0991[0m	
[0m=====[0m	
[0mepoch 34, time 161.74,  rec 0.284010, lam*L1 0.001879, total loss 0.285889[0m	
[0mTest set:             rec 0.290901, lam*L1 0.002120, total loss 0.293021[0m	
[0maverage enc weight: 0.0231 / average dec weight: 0.0991[0m	
[0m=====[0m	
[0mepoch 35, time 161.84,  rec 0.283993, lam*L1 0.001893, total loss 0.285886[0m	
[0mTest set:             rec 0.290873, lam*L1 0.002145, total loss 0.293018[0m	
[0maverage enc weight: 0.0231 / average dec weight: 0.0991[0m	
[0m=====[0m	
[0mepoch 36, time 162.18,  rec 0.283975, lam*L1 0.001908, total loss 0.285883[0m	
[0mTest set:             rec 0.290840, lam*L1 0.002175, total loss 0.293015[0m	
[0maverage enc weight: 0.0231 / average dec weight: 0.0991[0m	
[0m=====[0m	
[0mepoch 37, time 162.49,  rec 0.283957, lam*L1 0.001923, total loss 0.285880[0m	
[0mTest set:             rec 0.290826, lam*L1 0.002186, total loss 0.293011[0m	
[0maverage enc weight: 0.0230 / average dec weight: 0.0991[0m	
[0m=====[0m	
[0mepoch 38, time 162.08,  rec 0.283940, lam*L1 0.001937, total loss 0.285877[0m	
[0mTest set:             rec 0.290806, lam*L1 0.002202, total loss 0.293008[0m	
[0maverage enc weight: 0.0230 / average dec weight: 0.0991[0m	
[0m=====[0m	
[0mepoch 39, time 161.80,  rec 0.283920, lam*L1 0.001953, total loss 0.285873[0m	
[0mTest set:             rec 0.290790, lam*L1 0.002214, total loss 0.293004[0m	
[0maverage enc weight: 0.0230 / average dec weight: 0.0991[0m	
[0m=====[0m	
[0mepoch 40, time 162.64,  rec 0.283896, lam*L1 0.001973, total loss 0.285868[0m	
[0mTest set:             rec 0.290757, lam*L1 0.002242, total loss 0.292999[0m	
[0maverage enc weight: 0.0229 / average dec weight: 0.0991[0m	
[0m=====[0m	
[0mepoch 41, time 161.95,  rec 0.283865, lam*L1 0.001997, total loss 0.285862[0m	
[0mTest set:             rec 0.290720, lam*L1 0.002272, total loss 0.292992[0m	
[0maverage enc weight: 0.0229 / average dec weight: 0.0991[0m	
[0m=====[0m	
[0mepoch 42, time 162.03,  rec 0.283828, lam*L1 0.002026, total loss 0.285854[0m	
[0mTest set:             rec 0.290672, lam*L1 0.002311, total loss 0.292983[0m	
[0maverage enc weight: 0.0229 / average dec weight: 0.0991[0m	
[0m=====[0m	
[0mepoch 43, time 167.17,  rec 0.283777, lam*L1 0.002066, total loss 0.285844[0m	
[0mTest set:             rec 0.290611, lam*L1 0.002361, total loss 0.292972[0m	
[0maverage enc weight: 0.0229 / average dec weight: 0.0991[0m	
[0m=====[0m	
[0mepoch 44, time 167.07,  rec 0.283713, lam*L1 0.002117, total loss 0.285830[0m	
[0mTest set:             rec 0.290539, lam*L1 0.002418, total loss 0.292957[0m	
[0maverage enc weight: 0.0229 / average dec weight: 0.0991[0m	
[0m=====[0m	
[0mepoch 45, time 166.75,  rec 0.283629, lam*L1 0.002182, total loss 0.285811[0m	
[0mTest set:             rec 0.290439, lam*L1 0.002498, total loss 0.292937[0m	
[0maverage enc weight: 0.0228 / average dec weight: 0.0990[0m	
[0m=====[0m	
[0mepoch 46, time 167.24,  rec 0.283528, lam*L1 0.002260, total loss 0.285788[0m	
[0mTest set:             rec 0.290355, lam*L1 0.002557, total loss 0.292912[0m	
[0maverage enc weight: 0.0228 / average dec weight: 0.0990[0m	
[0m=====[0m	
[0mepoch 47, time 166.58,  rec 0.283415, lam*L1 0.002345, total loss 0.285760[0m	
[0mTest set:             rec 0.290228, lam*L1 0.002656, total loss 0.292884[0m	
[0maverage enc weight: 0.0228 / average dec weight: 0.0990[0m	
[0m=====[0m	
[0mepoch 48, time 167.06,  rec 0.283297, lam*L1 0.002432, total loss 0.285729[0m	
[0mTest set:             rec 0.290115, lam*L1 0.002738, total loss 0.292853[0m	
[0maverage enc weight: 0.0228 / average dec weight: 0.0989[0m	
[0m=====[0m	
[0mepoch 49, time 166.94,  rec 0.283178, lam*L1 0.002519, total loss 0.285697[0m	
[0mTest set:             rec 0.290012, lam*L1 0.002810, total loss 0.292822[0m	
[0maverage enc weight: 0.0228 / average dec weight: 0.0989[0m	
[0m=====[0m	
[0mepoch 50, time 167.30,  rec 0.283062, lam*L1 0.002605, total loss 0.285667[0m	
[0mTest set:             rec 0.289912, lam*L1 0.002881, total loss 0.292793[0m	
[0maverage enc weight: 0.0228 / average dec weight: 0.0988[0m	
[0m=====[0m	
[0m      Time     Calls       Avg       Min       Max  Name[0m	
[0m 8183.5589         1 8183.5589 8183.5589 8183.5589  train[0m	
[0m 7608.0213        50  152.1604  150.8580  156.2509  epoch[0m	
[0m 7607.7190    156200    0.0487    0.0479    0.1314  batch[0m	
[0m  536.7429        50   10.7349   10.6530   11.0771  evaluate[0m	
[0mRUNNING WITH LAMBDA = 0.000562341325[0m	
[0m ================== [0m	
[0mtrain[0m	
[0mPre-train Test set evaluation: rec 0.384010, lam*L1 14.363228,  total loss 14.747238[0m	
[0mepoch 1, time 166.56,  rec 0.286023, lam*L1 0.014237, total loss 0.300260[0m	
[0mTest set:             rec 0.293749, lam*L1 0.000286, total loss 0.294035[0m	
[0maverage enc weight: 0.0275 / average dec weight: 0.0995[0m	
[0m=====[0m	
[0mepoch 2, time 167.32,  rec 0.286605, lam*L1 0.000125, total loss 0.286730[0m	
[0mTest set:             rec 0.293790, lam*L1 0.000131, total loss 0.293922[0m	
[0maverage enc weight: 0.0262 / average dec weight: 0.0995[0m	
[0m=====[0m	
[0mepoch 3, time 167.70,  rec 0.286620, lam*L1 0.000062, total loss 0.286682[0m	
[0mTest set:             rec 0.293803, lam*L1 0.000085, total loss 0.293889[0m	
[0maverage enc weight: 0.0256 / average dec weight: 0.0995[0m	
[0m=====[0m	
[0mepoch 4, time 167.04,  rec 0.286626, lam*L1 0.000039, total loss 0.286665[0m	
[0mTest set:             rec 0.293810, lam*L1 0.000064, total loss 0.293873[0m	
[0maverage enc weight: 0.0251 / average dec weight: 0.0995[0m	
[0m=====[0m	
[0mepoch 5, time 167.53,  rec 0.286629, lam*L1 0.000027, total loss 0.286657[0m	
[0mTest set:             rec 0.293813, lam*L1 0.000051, total loss 0.293864[0m	
[0maverage enc weight: 0.0248 / average dec weight: 0.0995[0m	
[0m=====[0m	
[0mepoch 6, time 167.30,  rec 0.286631, lam*L1 0.000021, total loss 0.286652[0m	
[0mTest set:             rec 0.293816, lam*L1 0.000043, total loss 0.293859[0m	
[0maverage enc weight: 0.0245 / average dec weight: 0.0995[0m	
[0m=====[0m	
[0mepoch 7, time 167.90,  rec 0.286632, lam*L1 0.000016, total loss 0.286649[0m	
[0mTest set:             rec 0.293818, lam*L1 0.000037, total loss 0.293855[0m	
[0maverage enc weight: 0.0243 / average dec weight: 0.0995[0m	
[0m=====[0m	
[0mepoch 8, time 168.24,  rec 0.286633, lam*L1 0.000013, total loss 0.286647[0m	
[0mTest set:             rec 0.293819, lam*L1 0.000033, total loss 0.293852[0m	
[0maverage enc weight: 0.0241 / average dec weight: 0.0995[0m	
[0m=====[0m	
[0mepoch 9, time 167.78,  rec 0.286634, lam*L1 0.000011, total loss 0.286645[0m	
[0mTest set:             rec 0.293820, lam*L1 0.000030, total loss 0.293850[0m	
[0maverage enc weight: 0.0240 / average dec weight: 0.0995[0m	
[0m=====[0m	
[0mepoch 10, time 167.57,  rec 0.286634, lam*L1 0.000010, total loss 0.286644[0m	
[0mTest set:             rec 0.293821, lam*L1 0.000028, total loss 0.293848[0m	
[0maverage enc weight: 0.0239 / average dec weight: 0.0995[0m	
[0m=====[0m	
[0mepoch 11, time 167.61,  rec 0.286635, lam*L1 0.000008, total loss 0.286643[0m	
[0mTest set:             rec 0.293821, lam*L1 0.000026, total loss 0.293847[0m	
[0maverage enc weight: 0.0238 / average dec weight: 0.0995[0m	
[0m=====[0m	
[0mepoch 12, time 167.71,  rec 0.286635, lam*L1 0.000007, total loss 0.286642[0m	
[0mTest set:             rec 0.293822, lam*L1 0.000024, total loss 0.293846[0m	
[0maverage enc weight: 0.0237 / average dec weight: 0.0995[0m	
[0m=====[0m	
[0mepoch 13, time 168.08,  rec 0.286635, lam*L1 0.000006, total loss 0.286642[0m	
[0mTest set:             rec 0.293822, lam*L1 0.000023, total loss 0.293845[0m	
[0maverage enc weight: 0.0236 / average dec weight: 0.0995[0m	
[0m=====[0m	
[0mepoch 14, time 167.85,  rec 0.286635, lam*L1 0.000006, total loss 0.286641[0m	
[0mTest set:             rec 0.293822, lam*L1 0.000022, total loss 0.293844[0m	
[0maverage enc weight: 0.0235 / average dec weight: 0.0995[0m	
[0m=====[0m	
[0mepoch 15, time 167.06,  rec 0.286636, lam*L1 0.000005, total loss 0.286641[0m	
[0mTest set:             rec 0.293823, lam*L1 0.000021, total loss 0.293844[0m	
[0maverage enc weight: 0.0234 / average dec weight: 0.0995[0m	
[0m=====[0m	
[0mepoch 16, time 167.49,  rec 0.286636, lam*L1 0.000005, total loss 0.286640[0m	
[0mTest set:             rec 0.293823, lam*L1 0.000020, total loss 0.293843[0m	
[0maverage enc weight: 0.0234 / average dec weight: 0.0995[0m	
[0m=====[0m	
[0mepoch 17, time 167.45,  rec 0.286636, lam*L1 0.000004, total loss 0.286640[0m	
[0mTest set:             rec 0.293823, lam*L1 0.000019, total loss 0.293843[0m	
[0maverage enc weight: 0.0233 / average dec weight: 0.0995[0m	
[0m=====[0m	
[0mepoch 18, time 167.25,  rec 0.286636, lam*L1 0.000004, total loss 0.286640[0m	
[0mTest set:             rec 0.293823, lam*L1 0.000019, total loss 0.293842[0m	
[0maverage enc weight: 0.0233 / average dec weight: 0.0995[0m	
[0m=====[0m	
[0mepoch 19, time 164.95,  rec 0.286636, lam*L1 0.000003, total loss 0.286640[0m	
[0mTest set:             rec 0.293824, lam*L1 0.000018, total loss 0.293842[0m	
[0maverage enc weight: 0.0232 / average dec weight: 0.0995[0m	
[0m=====[0m	
[0mepoch 20, time 164.95,  rec 0.286636, lam*L1 0.000003, total loss 0.286639[0m	
[0mTest set:             rec 0.293824, lam*L1 0.000018, total loss 0.293842[0m	
[0maverage enc weight: 0.0232 / average dec weight: 0.0995[0m	
[0m=====[0m	
[0mepoch 21, time 164.45,  rec 0.286636, lam*L1 0.000003, total loss 0.286639[0m	
[0mTest set:             rec 0.293824, lam*L1 0.000017, total loss 0.293841[0m	
[0maverage enc weight: 0.0231 / average dec weight: 0.0995[0m	
[0m=====[0m	
[0mepoch 22, time 164.96,  rec 0.286636, lam*L1 0.000003, total loss 0.286639[0m	
[0mTest set:             rec 0.293824, lam*L1 0.000017, total loss 0.293841[0m	
[0maverage enc weight: 0.0231 / average dec weight: 0.0995[0m	
[0m=====[0m	
[0mepoch 23, time 165.38,  rec 0.286636, lam*L1 0.000002, total loss 0.286639[0m	
[0mTest set:             rec 0.293824, lam*L1 0.000017, total loss 0.293841[0m	
[0maverage enc weight: 0.0231 / average dec weight: 0.0995[0m	
[0m=====[0m	
[0mepoch 24, time 165.21,  rec 0.286637, lam*L1 0.000002, total loss 0.286639[0m	
[0mTest set:             rec 0.293824, lam*L1 0.000016, total loss 0.293841[0m	
[0maverage enc weight: 0.0230 / average dec weight: 0.0995[0m	
[0m=====[0m	
[0mepoch 25, time 164.99,  rec 0.286637, lam*L1 0.000002, total loss 0.286639[0m	
[0mTest set:             rec 0.293824, lam*L1 0.000016, total loss 0.293840[0m	
[0maverage enc weight: 0.0230 / average dec weight: 0.0995[0m	
[0m=====[0m	
[0mepoch 26, time 164.52,  rec 0.286637, lam*L1 0.000002, total loss 0.286639[0m	
[0mTest set:             rec 0.293824, lam*L1 0.000016, total loss 0.293840[0m	
[0maverage enc weight: 0.0230 / average dec weight: 0.0995[0m	
[0m=====[0m	
[0mepoch 27, time 165.96,  rec 0.286637, lam*L1 0.000002, total loss 0.286639[0m	
[0mTest set:             rec 0.293824, lam*L1 0.000016, total loss 0.293840[0m	
[0maverage enc weight: 0.0230 / average dec weight: 0.0995[0m	
[0m=====[0m	
[0mepoch 28, time 164.58,  rec 0.286637, lam*L1 0.000002, total loss 0.286638[0m	
[0mTest set:             rec 0.293825, lam*L1 0.000015, total loss 0.293840[0m	
[0maverage enc weight: 0.0229 / average dec weight: 0.0995[0m	
[0m=====[0m	
[0mepoch 29, time 164.49,  rec 0.286637, lam*L1 0.000002, total loss 0.286638[0m	
[0mTest set:             rec 0.293825, lam*L1 0.000015, total loss 0.293840[0m	
[0maverage enc weight: 0.0229 / average dec weight: 0.0995[0m	
[0m=====[0m	
[0mepoch 30, time 165.47,  rec 0.286637, lam*L1 0.000002, total loss 0.286638[0m	
[0mTest set:             rec 0.293825, lam*L1 0.000015, total loss 0.293840[0m	
[0maverage enc weight: 0.0229 / average dec weight: 0.0995[0m	
[0m=====[0m	
[0mepoch 31, time 164.68,  rec 0.286637, lam*L1 0.000001, total loss 0.286638[0m	
[0mTest set:             rec 0.293825, lam*L1 0.000015, total loss 0.293840[0m	
[0maverage enc weight: 0.0229 / average dec weight: 0.0995[0m	
[0m=====[0m	
[0mepoch 32, time 164.81,  rec 0.286637, lam*L1 0.000001, total loss 0.286638[0m	
[0mTest set:             rec 0.293825, lam*L1 0.000015, total loss 0.293840[0m	
[0maverage enc weight: 0.0229 / average dec weight: 0.0995[0m	
[0m=====[0m	
[0mepoch 33, time 164.73,  rec 0.286637, lam*L1 0.000001, total loss 0.286638[0m	
[0mTest set:             rec 0.293825, lam*L1 0.000015, total loss 0.293839[0m	
[0maverage enc weight: 0.0228 / average dec weight: 0.0995[0m	
[0m=====[0m	
[0mepoch 34, time 165.19,  rec 0.286637, lam*L1 0.000001, total loss 0.286638[0m	
[0mTest set:             rec 0.293825, lam*L1 0.000014, total loss 0.293839[0m	
[0maverage enc weight: 0.0228 / average dec weight: 0.0995[0m	
[0m=====[0m	
[0mepoch 35, time 165.29,  rec 0.286637, lam*L1 0.000001, total loss 0.286638[0m	
[0mTest set:             rec 0.293825, lam*L1 0.000014, total loss 0.293839[0m	
[0maverage enc weight: 0.0228 / average dec weight: 0.0995[0m	
[0m=====[0m	
[0mepoch 36, time 165.01,  rec 0.286637, lam*L1 0.000001, total loss 0.286638[0m	
[0mTest set:             rec 0.293825, lam*L1 0.000014, total loss 0.293839[0m	
[0maverage enc weight: 0.0228 / average dec weight: 0.0995[0m	
[0m=====[0m	
[0mepoch 37, time 164.70,  rec 0.286637, lam*L1 0.000001, total loss 0.286638[0m	
[0mTest set:             rec 0.293825, lam*L1 0.000014, total loss 0.293839[0m	
[0maverage enc weight: 0.0228 / average dec weight: 0.0995[0m	
[0m=====[0m	
[0mepoch 38, time 164.77,  rec 0.286637, lam*L1 0.000001, total loss 0.286638[0m	
[0mTest set:             rec 0.293825, lam*L1 0.000014, total loss 0.293839[0m	
[0maverage enc weight: 0.0228 / average dec weight: 0.0995[0m	
[0m=====[0m	
[0mepoch 39, time 164.72,  rec 0.286637, lam*L1 0.000001, total loss 0.286638[0m	
[0mTest set:             rec 0.293825, lam*L1 0.000014, total loss 0.293839[0m	
[0maverage enc weight: 0.0228 / average dec weight: 0.0995[0m	
[0m=====[0m	
[0mepoch 40, time 165.43,  rec 0.286637, lam*L1 0.000001, total loss 0.286638[0m	
[0mTest set:             rec 0.293825, lam*L1 0.000014, total loss 0.293839[0m	
[0maverage enc weight: 0.0228 / average dec weight: 0.0995[0m	
[0m=====[0m	
[0mepoch 41, time 165.17,  rec 0.286637, lam*L1 0.000001, total loss 0.286638[0m	
[0mTest set:             rec 0.293825, lam*L1 0.000014, total loss 0.293839[0m	
[0maverage enc weight: 0.0228 / average dec weight: 0.0995[0m	
[0m=====[0m	
[0mepoch 42, time 164.79,  rec 0.286637, lam*L1 0.000001, total loss 0.286638[0m	
[0mTest set:             rec 0.293825, lam*L1 0.000014, total loss 0.293839[0m	
[0maverage enc weight: 0.0227 / average dec weight: 0.0995[0m	
[0m=====[0m	
[0mepoch 43, time 165.47,  rec 0.286637, lam*L1 0.000001, total loss 0.286638[0m	
[0mTest set:             rec 0.293825, lam*L1 0.000014, total loss 0.293839[0m	
[0maverage enc weight: 0.0227 / average dec weight: 0.0995[0m	
[0m=====[0m	
[0mepoch 44, time 165.29,  rec 0.286637, lam*L1 0.000001, total loss 0.286638[0m	
[0mTest set:             rec 0.293825, lam*L1 0.000014, total loss 0.293839[0m	
[0maverage enc weight: 0.0227 / average dec weight: 0.0995[0m	
[0m=====[0m	
[0mepoch 45, time 164.67,  rec 0.286637, lam*L1 0.000001, total loss 0.286638[0m	
[0mTest set:             rec 0.293825, lam*L1 0.000014, total loss 0.293839[0m	
[0maverage enc weight: 0.0227 / average dec weight: 0.0995[0m	
[0m=====[0m	
[0mepoch 46, time 164.89,  rec 0.286637, lam*L1 0.000001, total loss 0.286638[0m	
[0mTest set:             rec 0.293825, lam*L1 0.000014, total loss 0.293839[0m	
[0maverage enc weight: 0.0227 / average dec weight: 0.0995[0m	
[0m=====[0m	
[0mepoch 47, time 164.78,  rec 0.286637, lam*L1 0.000001, total loss 0.286638[0m	
[0mTest set:             rec 0.293825, lam*L1 0.000013, total loss 0.293839[0m	
[0maverage enc weight: 0.0227 / average dec weight: 0.0995[0m	
[0m=====[0m	
[0mepoch 48, time 164.45,  rec 0.286637, lam*L1 0.000001, total loss 0.286638[0m	
[0mTest set:             rec 0.293825, lam*L1 0.000013, total loss 0.293839[0m	
[0maverage enc weight: 0.0227 / average dec weight: 0.0995[0m	
[0m=====[0m	
[0mepoch 49, time 164.53,  rec 0.286637, lam*L1 0.000001, total loss 0.286638[0m	
[0mTest set:             rec 0.293825, lam*L1 0.000013, total loss 0.293839[0m	
[0maverage enc weight: 0.0227 / average dec weight: 0.0995[0m	
[0m=====[0m	
[0mepoch 50, time 164.52,  rec 0.286637, lam*L1 0.000001, total loss 0.286638[0m	
[0mTest set:             rec 0.293825, lam*L1 0.000013, total loss 0.293839[0m	
[0maverage enc weight: 0.0227 / average dec weight: 0.0995[0m	
[0m=====[0m	
[0m      Time     Calls       Avg       Min       Max  Name[0m	
[0m 8329.6740         1 8329.6740 8329.6740 8329.6740  train[0m	
[0m 7746.2745        50  154.9255  153.5348  157.1465  epoch[0m	
[0m 7745.9617    156200    0.0496    0.0488    0.1189  batch[0m	
[0m  546.9154        50   10.9383   10.7896   11.2408  evaluate[0m	
                                                                      [0m[1;30m[57478.7379s][0m[0m	
> [K> [K> [K> [K> [K> [K> [K> [K> [K> [K> [K> [K> [K> [K> [K> [K> [K> [K> [K> [K> [K> [K> [K> [K> [K> [K> [K> [K> [K> [K> [K> [K> [K> [K> [K> [K> [K> [K> [K> [K> [K> [K> [K> [K> [K> [K> [K> [K> [K> [K> [K> [K> [K> [K> [K> [K> [K> [K> [K> [K> [K> [K> enc
nn.Sequential {
  [input -> (1) -> (2) -> output]
  (1): nn.SpatialConvolution
      weights: (32x3x5x5 min: -0.067671 mean: -0.000334 max: 0.060026 type: torch.CudaTensor cuda:  device 1: 3098 MB)
      biases: (32 min: -0.471237 mean: -0.414896 max: -0.376361 type: torch.CudaTensor cuda:  device 1: 3098 MB)
  (2): nn.Threshold
}
                                                                      [0m[1;30m[0.0940s][0m[0m	
> enc.wei[K[K[K[K[K[K[Kenc.[K:get(1).w
while  who    wt     
> enc:get(1).w
while  who    wt     
> enc:get(1).wt:size()
[0m[string "local f = function() return enc:get(1).wt:siz..."]:1: attempt to index field 'wt' (a nil value)
stack traceback:
	[string "local f = function() return enc:get(1).wt:siz..."]:1: in function 'f'
	[string "local f = function() return enc:get(1).wt:siz..."]:1: in main chunk
	[C]: in function 'xpcall'
	...ermanet-06a3c75/installed/share/torch/lua/trepl/init.lua:484: in function <...ermanet-06a3c75/installed/share/torch/lua/trepl/init.lua:426>[0m	
> enc:get(1).wt:size()[K[K[K[K[K[K[K[K[Keights[K[K[K[K[K[Kwi[Keights:min()
[0m[string "local f = function() return enc:get(1).weight..."]:1: attempt to index field 'weights' (a nil value)
stack traceback:
	[string "local f = function() return enc:get(1).weight..."]:1: in function 'f'
	[string "local f = function() return enc:get(1).weight..."]:1: in main chunk
	[C]: in function 'xpcall'
	...ermanet-06a3c75/installed/share/torch/lua/trepl/init.lua:484: in function <...ermanet-06a3c75/installed/share/torch/lua/trepl/init.lua:426>[0m	
> enc:get(1).weights:min()[K[K[K[K[K[K:type*)
[0m[string "enc:get(1).weights:type*)..."]:1: function arguments expected near '*'[0m	
> enc:get(1).weights:type*)[K[K*([K[K()
[0m[string "local f = function() return enc:get(1).weight..."]:1: attempt to index field 'weights' (a nil value)
stack traceback:
	[string "local f = function() return enc:get(1).weight..."]:1: in function 'f'
	[string "local f = function() return enc:get(1).weight..."]:1: in main chunk
	[C]: in function 'xpcall'
	...ermanet-06a3c75/installed/share/torch/lua/trepl/init.lua:484: in function <...ermanet-06a3c75/installed/share/torch/lua/trepl/init.lua:426>[0m	
> enc:get(1)
nn.SpatialConvolution
                                                                      [0m[1;30m[0.0001s][0m[0m	
> enc:get(1).weight:size()

 32
  3
  5
  5
[torch.LongStorage of size 4]

                                                                      [0m[1;30m[0.0002s][0m[0m	
> enc:get(1).weight:size()[K[K[K[K[K[Kmin(*)[K[K)[K[K[K[K[K[K[K[K[K[K[K[K[K[K[K[K[K[K[K[K[K[K[Klam_1[K[K
lam_heur   lambda_l1  lamvals    
> lam
lam_heur   lambda_l1  lamvals    
> lambda_l1
[0;36m0.000562341325[0m	
                                                                      [0m[1;30m[0.0001s][0m[0m	
> 
Do you really want to exit ([y]/n)? 